20221225	11:21:56	5ab28585-a293-4ca8-a509-6359455eb934	ReferenceError: Cannot access 'path' before initialization	DELETE	/films	http://localhost:5173
20230202	17:18:54	e3c737c5-0ada-4018-a3db-e455c0567ec7	undefined: undefined	POST	/cinemas	http://localhost:5173
20230202	17:19:09	8d9c7f1e-cd16-4c5c-99f6-877b736ee454	undefined: undefined	POST	/cinemas	http://localhost:5173
20230202	21:15:17	509fb713-51a0-493d-b520-411925a6bc58	ReferenceError: err is not defined	DELETE	/cinemas	http://localhost:5173
20230202	21:16:33	f4148180-ab7a-4c46-92e6-72d4226551bb	ReferenceError: err is not defined	DELETE	/cinemas	http://localhost:5173
20230202	21:16:42	1f49e2da-f6b5-4a42-8420-4a1f2f7fb022	ReferenceError: err is not defined	DELETE	/cinemas	http://localhost:5173
20230207	22:41:18	c4533733-b26d-4f23-bfc1-8d8875c6e0b5	CastError: Cast to ObjectId failed for value "{ cinema: '63e2705f2423494724d8fc08' }" (type Object) at path "_id" for model "Cinema"	POST	/premiere-slot	http://localhost:5173
20230207	22:48:39	974a6ca3-3ddf-4531-9475-11b0e2f87339	CastError: Cast to ObjectId failed for value "{ cinema: '63e2705f2423494724d8fc08' }" (type Object) at path "_id" for model "Cinema"	POST	/premiere-slot	http://localhost:5173
20230207	22:53:42	aa746733-2a4f-47a6-8426-838bdef4d78f	TypeError: ObjectId is not a constructor	POST	/premiere-slot	http://localhost:5173
20230207	22:55:47	f9b3e754-62cd-403a-a8a5-a4e68aa10a36	CastError: Cast to ObjectId failed for value "{ cinemaId: new ObjectId("63e2705f2423494724d8fc08") }" (type Object) at path "_id" for model "Cinema"	POST	/premiere-slot	http://localhost:5173
20230207	23:04:22	34ab9cd5-b752-4ae2-85e2-6c94ebe019fc	ValidationError: PremiereSlot validation failed: seatStatus.0.number: Path `number` is required., seatStatus.0.id: Path `id` is required., seatStatus.1.number: Path `number` is required., seatStatus.1.id: Path `id` is required., seatStatus.2.number: Path `number` is required., seatStatus.2.id: Path `id` is required., seatStatus.3.number: Path `number` is required., seatStatus.3.id: Path `id` is required., seatStatus.4.number: Path `number` is required., seatStatus.4.id: Path `id` is required., seatStatus.5.number: Path `number` is required., seatStatus.5.id: Path `id` is required., seatStatus.6.number: Path `number` is required., seatStatus.6.id: Path `id` is required.	POST	/premiere-slot	http://localhost:5173
20230208	11:44:03	6b24725b-8949-4e20-ae41-6f582b41afcd	ReferenceError: seatStatus is not defined	PATCH	/premiere-slot	http://localhost:5173
20230208	11:44:12	b252bcd7-3146-436b-8f06-aa0b4d956226	ReferenceError: seatStatus is not defined	PATCH	/premiere-slot	http://localhost:5173
20230208	11:45:30	8fe62d67-f855-4f19-ae64-a67667da8a33	ReferenceError: seatStatus is not defined	PATCH	/premiere-slot	http://localhost:5173
20230208	16:19:51	92013630-ea8f-4b8a-bc3a-1ff27e4d0277	ReferenceError: User is not defined	POST	/tickets	http://localhost:5173
20230208	16:22:16	557dfe6a-74d4-49bf-86a9-5da1aeed9743	TypeError: seats.forEach is not a function	POST	/tickets	http://localhost:5173
20230208	16:25:20	66e3c99b-ddfe-470d-8eda-166a6a257fad	TypeError: seats.forEach is not a function	POST	/tickets	http://localhost:5173
20230208	16:25:58	b8dcee7b-de98-4404-8aee-af96547ee895	TypeError: Cannot read properties of undefined (reading '0')	POST	/tickets	http://localhost:5173
20230208	16:27:34	e6e38aa9-dfb0-4c37-86c1-8c193738f1d5	TypeError: Cannot read properties of undefined (reading '0')	POST	/tickets	http://localhost:5173
20230208	16:28:19	2e1038d0-85ac-4320-a009-05b7d7d331ce	TypeError: Cannot read properties of undefined (reading '0')	POST	/tickets	http://localhost:5173
20230208	16:29:33	345d3434-a222-4e6a-83d7-77b4a5badcd0	TypeError: Cannot read properties of undefined (reading '0')	POST	/tickets	http://localhost:5173
20230208	16:29:50	c10c247f-61fb-417e-a9bb-34facf68c325	TypeError: Cannot read properties of null (reading 'number')	POST	/tickets	http://localhost:5173
20230208	16:30:20	5d078923-a3d3-49e2-bfd3-3c9124afd93b	TypeError: Cannot read properties of undefined (reading '1')	POST	/tickets	http://localhost:5173
20230208	16:38:48	9c775e4c-deda-4108-b2e5-6d406d4149f5	ValidationError: Ticket validation failed: total: Path `total` is required., cinema: Path `cinema` is required., filmId: Path `filmId` is required., slotId: Path `slotId` is required., userId: Path `userId` is required.	POST	/tickets	http://localhost:5173
20230208	16:42:26	e95c44af-07b9-4c8c-86bf-795897d3eebe	ValidationError: Ticket validation failed: total: Path `total` is required., cinema: Path `cinema` is required., filmId: Path `filmId` is required., slotId: Path `slotId` is required., userId: Path `userId` is required.	POST	/tickets	http://localhost:5173
20230208	16:46:45	4eaccce0-b00e-42b1-9907-f62c21f9e32b	ValidationError: Ticket validation failed: total: Path `total` is required., cinema: Path `cinema` is required., filmId: Path `filmId` is required., slotId: Path `slotId` is required., userId: Path `userId` is required.	POST	/tickets	http://localhost:5173
