20221211	22:12:31	3a0f14cd-34a8-4d01-9c7e-b20cf17d23ac	OPTIONS	/users	http://localhost:5173
20221211	22:12:31	05cddedc-22ee-4a9a-99fa-25b3c72db931	POST	/users	http://localhost:5173
20221211	22:13:47	d155c99a-e4e3-4efc-abbf-d25bd0f1e945	OPTIONS	/auth	http://localhost:5173
20221211	22:13:47	ed3fe7d7-8ebb-40c0-8656-b707f634638e	POST	/auth	http://localhost:5173
20221211	22:13:47	4b8d6405-1934-4843-a5e1-ec38fa1bc4d0	OPTIONS	/users	http://localhost:5173
20221211	22:13:47	5063edee-8b2e-4809-98e3-8d1ca5496e2c	OPTIONS	/users	http://localhost:5173
20221211	22:13:47	18b5f700-69e9-4154-bee8-40b540df4d01	GET	/users	http://localhost:5173
20221211	22:13:47	be0a3a4c-8b53-4255-9ff9-d97e27cb00d5	GET	/users	http://localhost:5173
20221211	22:14:02	8138b9d5-ec9f-4568-94b2-1aac1dcadc97	OPTIONS	/users	http://localhost:5173
20221211	22:14:02	03b7f3e0-3fb0-421f-890b-3a21e230a500	GET	/users	http://localhost:5173
20221211	22:14:17	83f73ed2-b3b9-4f31-929b-1c62b8cea23f	OPTIONS	/users	http://localhost:5173
20221211	22:14:17	b8df725a-d6a2-4605-951c-e5e34b12d96d	GET	/users	http://localhost:5173
20221211	22:14:21	f41bd7cf-3cbe-40eb-ad3c-6ac3fadd95a6	GET	/users	http://localhost:5173
20221211	22:14:34	aaf30dda-ea38-4996-b5d0-a6170641f043	OPTIONS	/users	http://localhost:5173
20221211	22:14:34	ddae6344-bef0-4445-b173-dec9f75ceff6	GET	/users	http://localhost:5173
20221211	22:14:50	594c524c-0343-4fa6-bb53-65abc542c592	OPTIONS	/users	http://localhost:5173
20221211	22:14:50	875a3207-b2a5-43b8-b6fb-fddad6fc2be3	GET	/users	http://localhost:5173
20221211	22:14:58	2562344b-eff6-425a-bf06-7aff7e118f98	OPTIONS	/users	http://localhost:5173
20221211	22:14:58	4273ec12-eaf7-4039-88a3-4ee8db5f272f	GET	/users	http://localhost:5173
20221211	22:15:46	d65d9b83-b503-43c4-98b3-e71eaee52eb9	GET	/users	http://localhost:5173
20221211	22:15:46	41365279-acf5-4dac-8158-b1698f184dee	GET	/users	http://localhost:5173
20221211	22:15:49	7b7f691c-84b3-44d2-be7e-6efaa43ba43e	POST	/auth/logout	http://localhost:5173
20221211	22:15:51	2fc91393-6951-498a-a7bd-d973981b3522	OPTIONS	/auth	http://localhost:5173
20221211	22:15:51	7a90cf8f-e801-4db3-b9ce-d209dbf33a83	POST	/auth	http://localhost:5173
20221211	22:15:51	b204f6c7-062c-475b-843f-51646a9299aa	OPTIONS	/users	http://localhost:5173
20221211	22:15:51	e00b33a0-1f29-45c9-a3b6-39770d334ad8	OPTIONS	/users	http://localhost:5173
20221211	22:15:51	d83c5abe-4da0-481a-a050-03368cc34ae7	GET	/users	http://localhost:5173
20221211	22:15:51	ecfeb197-fe19-4c31-b95c-ea98a0b8d0b4	GET	/users	http://localhost:5173
20221211	22:16:06	73b6ba41-6aa5-4e08-b4b7-20f4a7088e5d	OPTIONS	/users	http://localhost:5173
20221211	22:16:06	c6963605-eafc-4aca-89e9-5db31de2e062	GET	/users	http://localhost:5173
20221211	22:16:21	1e589073-f4c0-4a48-aadd-5146180b3cde	OPTIONS	/users	http://localhost:5173
20221211	22:16:21	6dbbcadf-b15a-44be-aac2-3101e6412c19	GET	/users	http://localhost:5173
20221211	22:16:36	d4e4e8f1-fe76-479b-a9f0-ed115dba72dd	OPTIONS	/users	http://localhost:5173
20221211	22:16:36	cf404b4b-5b97-41fb-993e-d90b20f67dab	GET	/users	http://localhost:5173
20221211	22:16:51	070ff12b-5f43-4023-bd93-c77f15706457	OPTIONS	/users	http://localhost:5173
20221211	22:16:51	913f7e17-8642-4823-ad33-d21981eab580	GET	/users	http://localhost:5173
20221211	22:17:06	0bdf6ac7-7f2e-464a-972b-66cda6085fa0	OPTIONS	/users	http://localhost:5173
20221211	22:17:06	e71589fe-0549-43ee-b5b7-dff662a0a4fc	GET	/users	http://localhost:5173
20221211	22:17:21	1c9ffb5f-9b82-4e38-9cb6-06cc55d04c27	OPTIONS	/users	http://localhost:5173
20221211	22:17:21	60a877bc-2619-4979-abc7-b4d7d02a33f4	GET	/users	http://localhost:5173
20221211	22:17:36	0067f718-131c-40f2-8a37-ad763800d823	OPTIONS	/users	http://localhost:5173
20221211	22:17:36	86734c51-7350-4c82-84ed-86ce360c4aba	GET	/users	http://localhost:5173
20221211	22:17:51	5bb5da90-c849-4d73-bfc0-3290357c48e9	OPTIONS	/users	http://localhost:5173
20221211	22:17:51	dcdcb08c-f854-4bdc-8d95-36fad9da356a	GET	/users	http://localhost:5173
20221211	22:18:06	2ea180c1-5dec-4a84-8d20-3d65c07c297e	OPTIONS	/users	http://localhost:5173
20221211	22:18:06	8f866839-a338-4a10-a395-fb3a409a45f1	GET	/users	http://localhost:5173
20221211	22:18:21	b396cf5c-a38e-446b-811f-3d2ae25d84b3	OPTIONS	/users	http://localhost:5173
20221211	22:18:21	c4fa7cd5-a7f7-4e49-8d93-03899d0e23ab	GET	/users	http://localhost:5173
20221211	22:18:37	023c910c-8d5f-4803-8817-7a363d445bd3	OPTIONS	/users	http://localhost:5173
20221211	22:18:37	47a3b8a0-98a0-4d9c-98a1-eebfcbb4c60e	GET	/users	http://localhost:5173
20221211	22:18:52	4846b3e4-8e3e-4fe8-875a-6d456949f380	OPTIONS	/users	http://localhost:5173
20221211	22:18:52	9cb3a338-6a5c-43f7-a2e6-e4e155bcc6bc	GET	/users	http://localhost:5173
20221211	22:19:07	05f90331-5cd3-4978-a2ca-a4530d6c6e8b	OPTIONS	/users	http://localhost:5173
20221211	22:19:07	f75b877a-0700-4fcb-9fa5-e778dd710c15	GET	/users	http://localhost:5173
20221211	22:19:22	14e03b6a-655e-421e-adbd-bed3726564e0	OPTIONS	/users	http://localhost:5173
20221211	22:19:22	b46396f0-472d-484d-8ace-90103153b166	GET	/users	http://localhost:5173
20221211	22:19:37	785fcf51-6f20-42ef-b908-cb5b8b0fc12b	OPTIONS	/users	http://localhost:5173
20221211	22:19:37	3aea2d89-7af9-4f3c-a65f-c83207ff8ca4	GET	/users	http://localhost:5173
20221211	22:19:52	db604f8a-c79c-4788-8a85-aee57c75b8b6	OPTIONS	/users	http://localhost:5173
20221211	22:19:52	8f1137fa-32a5-49d3-a3da-beba2dfdf7d3	GET	/users	http://localhost:5173
20221211	22:20:07	19119a67-ae74-42cd-934d-e8c5c1b20adc	OPTIONS	/users	http://localhost:5173
20221211	22:20:07	7fb14f9d-817c-4994-8516-fcaf3a18dfbd	GET	/users	http://localhost:5173
20221211	22:20:22	c9275ae3-e9fe-4b29-a5f3-a197726b8f56	OPTIONS	/users	http://localhost:5173
20221211	22:20:22	3c3bf5d2-c2f6-4cc0-8df7-b6aca816cd0a	GET	/users	http://localhost:5173
20221211	22:20:37	152b9666-c3ec-4a02-b580-912a0f3636fe	OPTIONS	/users	http://localhost:5173
20221211	22:20:37	ba610534-94fc-4f1a-8f9d-8170c2218ec5	GET	/users	http://localhost:5173
20221211	22:20:52	e6e23ce3-f89e-49df-b997-498be59f8225	OPTIONS	/users	http://localhost:5173
20221211	22:20:52	50a0a363-b045-48ad-b028-e34a375fe05d	GET	/users	http://localhost:5173
20221211	22:21:07	7a73763e-b47e-4bf0-9fcf-05f32c6254a3	OPTIONS	/users	http://localhost:5173
20221211	22:21:07	5a6d7a2a-7750-4669-a1ce-3dc240b02961	GET	/users	http://localhost:5173
20221211	22:21:22	5555c2a1-ba93-40f3-bc15-6cb6238f18a4	OPTIONS	/users	http://localhost:5173
20221211	22:21:22	d2506d56-c0e1-4b48-a459-b9bf35f0e777	GET	/users	http://localhost:5173
20221211	22:21:37	7ce9c81f-8d5e-442f-ad17-2257039b53fd	OPTIONS	/users	http://localhost:5173
20221211	22:21:37	b11bc9d6-4bfa-43d7-a577-0e35dc51a645	GET	/users	http://localhost:5173
20221211	22:21:53	ea3a2ff4-1866-491d-9ab0-5968dd5e9c8f	OPTIONS	/users	http://localhost:5173
20221211	22:21:53	668be93c-dfdc-424d-bbda-bbd98314dfa1	GET	/users	http://localhost:5173
20221211	22:22:08	7d5498b1-5ef2-447e-8d7f-6491d5dc0dfe	OPTIONS	/users	http://localhost:5173
20221211	22:22:08	8f43c90f-0f33-4c53-ac70-1e0bd06c227e	GET	/users	http://localhost:5173
20221211	22:22:23	f8fa9a6c-38f0-4155-bc5e-687108954f7a	OPTIONS	/users	http://localhost:5173
20221211	22:22:23	eb93875f-7bcd-4cdd-8e61-83d429347c4c	GET	/users	http://localhost:5173
20221211	22:22:38	e1511119-e936-464d-846a-b130a06c68f6	OPTIONS	/users	http://localhost:5173
20221211	22:22:38	2ce13281-70df-41cc-ab8c-1cd8db3d4695	GET	/users	http://localhost:5173
20221211	22:22:53	9ee2147d-0973-423c-b306-9e056d000d4f	OPTIONS	/users	http://localhost:5173
20221211	22:22:53	dd80648f-efd7-40c0-9b9f-c35fda31a0b9	GET	/users	http://localhost:5173
20221211	22:23:08	b6d31640-cf3f-483b-b732-6bcd050b6f4c	OPTIONS	/users	http://localhost:5173
20221211	22:23:08	2bf27144-4b1f-4cd9-b493-188711c3f7e3	GET	/users	http://localhost:5173
20221211	22:23:23	92ba90a8-7895-4384-804b-6e86a44f1d2a	OPTIONS	/users	http://localhost:5173
20221211	22:23:23	6ade84b2-2298-463d-a193-089d8fb00a09	GET	/users	http://localhost:5173
20221211	22:23:38	ebf8aa12-b62f-48b0-bef2-df01c4919061	OPTIONS	/users	http://localhost:5173
20221211	22:23:38	e71698a1-7420-4ca1-8047-9b2c20874bdf	GET	/users	http://localhost:5173
20221211	22:23:53	8347ac29-5f44-4665-b5ad-92f1a7742510	OPTIONS	/users	http://localhost:5173
20221211	22:23:53	b1c30004-53c8-4500-b4ed-196f6e20f2ec	GET	/users	http://localhost:5173
20221211	22:24:08	c6fa6a00-3f5c-46ac-a4f4-1a1aad01aa98	OPTIONS	/users	http://localhost:5173
20221211	22:24:08	7ef34475-acd5-4383-8358-78172b009b4a	GET	/users	http://localhost:5173
20221211	22:24:23	90ab2b81-2b3b-4e21-8d6d-88cd245c2f0b	OPTIONS	/users	http://localhost:5173
20221211	22:24:23	acfe89fe-bf94-4a9a-b342-624087500aff	GET	/users	http://localhost:5173
20221211	22:24:38	54875c1d-268a-4dc6-aa09-05e314e41e8c	OPTIONS	/users	http://localhost:5173
20221211	22:24:38	5933c130-dbdc-4348-8bd3-ab5a15c8c8d4	GET	/users	http://localhost:5173
20221211	22:24:54	611193ed-ec4c-4a7b-8515-1dd38aaf0a87	OPTIONS	/users	http://localhost:5173
20221211	22:24:54	96cece82-817d-4cd6-b7cd-5385fb522e30	GET	/users	http://localhost:5173
20221211	22:25:09	680fdae1-6198-4841-85f8-c6524fe8bbb9	OPTIONS	/users	http://localhost:5173
20221211	22:25:09	043bf4b4-9335-40d5-961a-1d0b0db52011	GET	/users	http://localhost:5173
20221211	22:25:24	5f45182a-9973-4f74-a046-dec04193e9d9	OPTIONS	/users	http://localhost:5173
20221211	22:25:24	6f069263-0394-4eb5-85d2-1b78613bfa77	GET	/users	http://localhost:5173
20221211	22:25:39	4b5dc711-8408-4424-8356-6a960667c27f	OPTIONS	/users	http://localhost:5173
20221211	22:25:39	2d62faa2-7719-4e93-a0d2-7aa09a672d27	GET	/users	http://localhost:5173
20221211	22:25:54	24430252-daf2-48a9-96a7-83232b2195a2	OPTIONS	/users	http://localhost:5173
20221211	22:25:54	df8a06a7-4178-4e97-9f1d-72278c6e306e	GET	/users	http://localhost:5173
20221211	22:26:09	632dc5fc-c760-4376-aced-af5261eec7f8	OPTIONS	/users	http://localhost:5173
20221211	22:26:09	9a5edace-1b7b-4616-b201-e196de7b56e9	GET	/users	http://localhost:5173
20221211	22:26:24	49f189dd-d9c8-4233-be2c-355b1f8c4ff0	OPTIONS	/users	http://localhost:5173
20221211	22:26:24	b69460d6-7463-4982-a24b-971d029bf9b8	GET	/users	http://localhost:5173
20221211	22:26:39	bca4d10e-ecfc-49ec-9d97-5b3f31dfa9d3	OPTIONS	/users	http://localhost:5173
20221211	22:26:39	93483d6d-140f-432b-8508-955ae8e050d6	GET	/users	http://localhost:5173
20221211	22:26:54	837daabd-d47e-4cb9-b856-e21ab41241e1	OPTIONS	/users	http://localhost:5173
20221211	22:26:54	24c0b80d-091b-4130-affe-fc936f896542	GET	/users	http://localhost:5173
20221211	22:27:09	eeeddc3e-dfde-4f5b-aae9-35a2c5859bea	OPTIONS	/users	http://localhost:5173
20221211	22:27:09	f227d7c1-1ef1-42f6-848a-4f9cc03bcf42	GET	/users	http://localhost:5173
20221211	22:27:24	b04802a7-1239-4a70-8b65-3250ca88515f	OPTIONS	/users	http://localhost:5173
20221211	22:27:24	3878ff85-d614-483c-8542-deb5c8a49db8	GET	/users	http://localhost:5173
20221211	22:27:39	7d653083-a427-410e-8a96-d3f4915462d8	OPTIONS	/users	http://localhost:5173
20221211	22:27:39	493367df-9480-4f57-af71-34119c60b490	GET	/users	http://localhost:5173
20221211	22:27:54	17b61a79-6ae6-44bb-b8b6-addbf4f312e5	OPTIONS	/users	http://localhost:5173
20221211	22:27:54	a4f06f24-4ed3-4708-9126-f39bec205ba7	GET	/users	http://localhost:5173
20221211	22:28:01	02a0e470-85f4-45b1-828f-58f1a8d73544	OPTIONS	/users	http://localhost:5173
20221211	22:28:01	4ac5afce-f660-4771-a9f1-da998b1cda9e	GET	/users	http://localhost:5173
20221211	22:28:16	a1c76350-ea9f-4080-8ffd-fee2f1597ad6	OPTIONS	/users	http://localhost:5173
20221211	22:28:16	70c68882-53c4-4f28-98ab-6679a3445f47	GET	/users	http://localhost:5173
20221211	22:28:31	7b350db3-22b8-4c31-a9c2-a5fc821f51ff	OPTIONS	/users	http://localhost:5173
20221211	22:28:31	08858d2e-e32f-4596-83be-1901bfd1bd53	GET	/users	http://localhost:5173
20221211	22:28:47	a0e928aa-a482-4d78-8f17-f411b2f2d290	OPTIONS	/users	http://localhost:5173
20221211	22:28:47	733fa3f9-7dbc-4164-b523-bf1e0739da37	GET	/users	http://localhost:5173
20221211	22:29:02	29809f40-7fc4-4259-8c1c-b32799c17998	OPTIONS	/users	http://localhost:5173
20221211	22:29:02	0d6957f2-5fb7-43ba-80e9-dce0e6a19736	GET	/users	http://localhost:5173
20221211	22:29:17	204b7450-d85d-4fdd-a2f3-d02d7b1b4d34	OPTIONS	/users	http://localhost:5173
20221211	22:29:17	f8763e73-de23-4a36-8185-6c09314b1d1b	GET	/users	http://localhost:5173
20221211	22:29:32	04c2d061-cffd-490d-9dea-2a450d7238fb	OPTIONS	/users	http://localhost:5173
20221211	22:29:32	89d605ff-5e29-4ab9-9886-31aaaea30e64	GET	/users	http://localhost:5173
20221211	22:29:46	57d65f50-344c-4592-97c7-3afe1ff4326c	OPTIONS	/users	http://localhost:5173
20221211	22:29:46	473f61bd-5856-4d59-a6c7-eb363ae00a9c	GET	/users	http://localhost:5173
20221211	22:30:01	7db613a9-3046-454b-8bee-18208f9a52b9	OPTIONS	/users	http://localhost:5173
20221211	22:30:01	f0368ebb-1a8a-45fa-bdd9-3a0455e812e5	GET	/users	http://localhost:5173
20221211	22:30:16	24ee6ca5-4cb0-41d3-a82b-24d9e62a72cc	OPTIONS	/users	http://localhost:5173
20221211	22:30:16	121a0750-e801-423d-ad84-db4d7609f20e	GET	/users	http://localhost:5173
20221211	22:30:31	5ff8ad6b-48fd-48ba-bf8e-b5cd2a33a262	OPTIONS	/users	http://localhost:5173
20221211	22:30:31	8ae6eb41-57b3-4deb-82e0-225b1d489316	GET	/users	http://localhost:5173
20221211	22:30:46	be37319d-b164-4336-9f2f-d7a351606c7f	OPTIONS	/users	http://localhost:5173
20221211	22:30:46	cef2f464-05b2-4d45-8992-0c67e28b620e	GET	/users	http://localhost:5173
20221211	22:31:01	b499c813-87ea-4a56-9247-d36718ec8138	OPTIONS	/users	http://localhost:5173
20221211	22:31:01	5a92c2e6-b972-4f36-b6c8-f6692087932f	GET	/users	http://localhost:5173
20221211	22:31:01	4ea75f2e-88ec-4d0c-8172-5686959dc888	OPTIONS	/auth/refresh	http://localhost:5173
20221211	22:31:01	5b85c0cc-effc-4fba-b835-12d8d9afe494	GET	/auth/refresh	http://localhost:5173
20221211	22:31:01	d2a8d82d-6f32-4789-835b-aca01f5e0e68	GET	/users	http://localhost:5173
20221211	22:31:12	6128ba7a-3df7-4eef-b8db-9f740dc14a2b	OPTIONS	/users	http://localhost:5173
20221211	22:31:12	5215f1ca-a20a-4c98-930b-c9df8cccea0f	GET	/users	http://localhost:5173
20221211	22:31:27	4ec1279f-0a6e-4822-b235-e70c3c430a50	OPTIONS	/users	http://localhost:5173
20221211	22:31:27	7466b70f-91e9-486b-9cae-e1cddc940e64	GET	/users	http://localhost:5173
20221211	22:31:42	f6f8724d-fa14-4d92-aa91-bfffa90e1555	OPTIONS	/users	http://localhost:5173
20221211	22:31:42	3ca3fa1b-3662-4ea8-bd7e-c9eba499f16c	GET	/users	http://localhost:5173
20221211	22:31:58	4fb24fc4-30c5-43c8-aaf0-71e551cf0ed8	OPTIONS	/users	http://localhost:5173
20221211	22:31:58	20abfeb9-d777-447c-957b-9354277340f1	GET	/users	http://localhost:5173
20221211	22:32:13	247bafc1-1aeb-4a9d-8567-3de12a872660	OPTIONS	/users	http://localhost:5173
20221211	22:32:13	142fd04c-7473-4f82-9d1d-553d502a6612	GET	/users	http://localhost:5173
20221211	22:32:28	79e7d592-77d0-47f8-a0d4-dc0018ac734f	OPTIONS	/users	http://localhost:5173
20221211	22:32:28	4419970c-aab2-43f3-bbfe-ba6fa10b74f3	GET	/users	http://localhost:5173
20221211	22:32:43	2dd00c50-498c-417b-a8d0-b4bde69931d3	OPTIONS	/users	http://localhost:5173
20221211	22:32:43	187245cb-3aea-4670-b70c-ebbe3c3f172f	GET	/users	http://localhost:5173
20221211	22:32:43	69e868d1-bd43-44ee-bd96-f6aa522c11c3	GET	/users	http://localhost:5173
20221211	22:32:52	5e763f1c-1bb3-4e96-96a8-def37a8cd71b	OPTIONS	/users	http://localhost:5173
20221211	22:32:52	30852256-6e70-4c0d-be2f-60960f699f7b	GET	/users	http://localhost:5173
20221211	22:33:07	10dbbd61-07fb-437c-a608-b19452ec2b79	OPTIONS	/users	http://localhost:5173
20221211	22:33:07	bc2012d3-3944-4f64-96e6-c2f98d1b8c98	GET	/users	http://localhost:5173
20221211	22:33:22	72cc7f7a-9dcb-4ee6-bc8e-2e9f25271ea1	OPTIONS	/users	http://localhost:5173
20221211	22:33:22	c70249de-6b7a-4a59-846c-01bb78842e97	GET	/users	http://localhost:5173
20221211	22:33:37	c30b2a6c-03c6-4648-b389-6411e0119d90	OPTIONS	/users	http://localhost:5173
20221211	22:33:37	3b0f6cc7-c099-41d8-8459-d14f400858bc	GET	/users	http://localhost:5173
20221211	22:33:52	7123b50e-df83-420e-bb2a-a0ed50596e0a	OPTIONS	/users	http://localhost:5173
20221211	22:33:52	773bb80c-2e4f-478e-ba49-ba75f53ddcd6	GET	/users	http://localhost:5173
20221211	22:34:07	edf07527-667b-4a48-93f0-1d58d77a9078	OPTIONS	/users	http://localhost:5173
20221211	22:34:07	8ead60b3-26d0-46e6-9d35-dd117256b0d6	GET	/users	http://localhost:5173
20221211	22:34:09	c9d7ed4f-7b7d-42e2-af26-c66dda359007	GET	/users	http://localhost:5173
20221211	22:34:25	97121c7d-b9ea-473c-a80a-e53ddc63e641	OPTIONS	/users	http://localhost:5173
20221211	22:34:25	60a61df3-4be5-4a34-b98e-98811178483d	GET	/users	http://localhost:5173
20221211	22:34:41	05a4e8af-b490-4d41-ba4e-bad4a546381d	OPTIONS	/users	http://localhost:5173
20221211	22:34:41	45554987-1bf4-4a13-878e-18cc6286105a	GET	/users	http://localhost:5173
20221211	22:34:49	bab0fab8-d80f-4a53-be1d-7f6515a6c154	OPTIONS	/users	http://localhost:5173
20221211	22:34:49	ab2f92e8-122f-482c-a2cf-c6757767e6e5	GET	/users	http://localhost:5173
20221211	22:35:04	68b10e7d-c424-495a-84e8-16a08c3a172c	OPTIONS	/users	http://localhost:5173
20221211	22:35:04	4a33bad0-5098-4deb-9914-e58a4d06e3e4	GET	/users	http://localhost:5173
20221211	22:35:19	90819456-c09a-4f01-a091-454f613991c1	OPTIONS	/users	http://localhost:5173
20221211	22:35:19	033565df-48d1-434b-a028-b1718e3ee791	GET	/users	http://localhost:5173
20221211	22:35:34	6da6e513-3f09-4fbf-a5a0-a1c2be36b29d	OPTIONS	/users	http://localhost:5173
20221211	22:35:34	17b5659f-c717-458f-af64-c964136ac3f8	GET	/users	http://localhost:5173
20221211	22:35:49	29800a4c-3022-4400-bf27-fc038c29c00d	OPTIONS	/users	http://localhost:5173
20221211	22:35:49	784e14ff-63de-44bd-9ec1-126808cf8e7d	GET	/users	http://localhost:5173
20221211	22:36:04	6f1c8c4c-c311-4e34-8449-ae5d6200cc78	OPTIONS	/users	http://localhost:5173
20221211	22:36:04	22d349ff-be34-40a2-a5e2-2128c14ab74c	GET	/users	http://localhost:5173
20221211	22:36:19	74019322-b637-4553-b87e-e41758010afb	OPTIONS	/users	http://localhost:5173
20221211	22:36:19	fc104ff4-e33d-4526-aa1f-de37a54d52a2	GET	/users	http://localhost:5173
20221211	22:36:34	7b77fe1d-082e-4586-8fed-f1ef81db1f74	OPTIONS	/users	http://localhost:5173
20221211	22:36:34	81892523-e593-40dd-acd0-9d17ac4681f1	GET	/users	http://localhost:5173
20221211	22:36:49	ad4572e8-1e62-458b-bc32-d598bb45b348	OPTIONS	/users	http://localhost:5173
20221211	22:36:49	f9ed423b-1b84-4ef5-8185-e034c247beab	GET	/users	http://localhost:5173
20221211	22:37:04	b1ea7b4c-4178-4776-aa29-909807ba0fbb	OPTIONS	/users	http://localhost:5173
20221211	22:37:04	bb1f255c-7945-4d21-a180-49a75f170d93	GET	/users	http://localhost:5173
20221211	22:37:19	32ef36b7-127c-4c15-9565-cb3bb75a8f2f	OPTIONS	/users	http://localhost:5173
20221211	22:37:19	0cab5734-95b4-47aa-a33c-2e4cf46d9e45	GET	/users	http://localhost:5173
20221211	22:37:34	350af112-0fee-44bf-8825-955ae9d55b8c	OPTIONS	/users	http://localhost:5173
20221211	22:37:34	1341e5b2-f355-4989-acd8-44277440af4a	GET	/users	http://localhost:5173
20221211	22:37:50	4b069c5a-3966-4b08-95d5-51e4a36cd734	OPTIONS	/users	http://localhost:5173
20221211	22:37:50	b49f659f-5fc1-4e73-8f20-749d211dae2f	GET	/users	http://localhost:5173
20221211	22:38:05	fb405734-0c73-4f65-89f0-2a47093a6d12	OPTIONS	/users	http://localhost:5173
20221211	22:38:05	a4594a36-ab30-4a34-bd52-fa41a6cfb91a	GET	/users	http://localhost:5173
20221211	22:38:20	090cc375-bb6e-4a04-a2e1-cd7e2d5114cc	OPTIONS	/users	http://localhost:5173
20221211	22:38:20	4e1dc203-49c7-499d-aaef-9889aee63f60	GET	/users	http://localhost:5173
20221211	22:38:35	3f3fed97-3786-4571-b386-921340bb53de	OPTIONS	/users	http://localhost:5173
20221211	22:38:35	358a7e86-48f9-470b-b8ae-79f1ecc6e60a	GET	/users	http://localhost:5173
20221211	22:38:50	0a750e2f-e3eb-4e79-ac4f-322ccb344473	OPTIONS	/users	http://localhost:5173
20221211	22:38:50	9f90635c-76a4-4c0c-ab32-b8e7ff487a2f	GET	/users	http://localhost:5173
20221211	22:39:05	ca0fc02f-b69a-4196-b0b0-39822800b01e	OPTIONS	/users	http://localhost:5173
20221211	22:39:05	3dfe8425-e084-4b70-8732-6dfd9e55888c	GET	/users	http://localhost:5173
20221211	22:39:20	8860bdf4-5fd5-4e73-9d2f-6d7613161210	OPTIONS	/users	http://localhost:5173
20221211	22:39:20	283d2328-9a95-4177-be8a-e24596c69784	GET	/users	http://localhost:5173
20221211	22:39:35	9067fd9f-046b-46cf-96fc-aa781dd8f87e	OPTIONS	/users	http://localhost:5173
20221211	22:39:35	b09aa934-5ddd-4f79-912a-f0a1fe845c17	GET	/users	http://localhost:5173
20221211	22:39:50	9d03ff6f-47db-4543-b115-3c61e08d004a	OPTIONS	/users	http://localhost:5173
20221211	22:39:50	cdc0c549-154c-41dc-9a9f-dba61d1e2d9f	GET	/users	http://localhost:5173
20221211	22:40:05	bd5370d0-4493-45ef-af8f-4362bb0d2edd	OPTIONS	/users	http://localhost:5173
20221211	22:40:05	2c2d49a0-ea6e-4285-b9af-273b5a199501	GET	/users	http://localhost:5173
20221211	22:40:20	c38543db-b333-4403-80b1-7bb6a6a79132	OPTIONS	/users	http://localhost:5173
20221211	22:40:20	2b3e2719-b8aa-44c8-93d4-1daebdc29a04	GET	/users	http://localhost:5173
20221211	22:40:35	83eeabff-2966-4db6-b4ec-f705658203e4	OPTIONS	/users	http://localhost:5173
20221211	22:40:35	9e0395e6-c641-4196-9aa1-9d3248f8792e	GET	/users	http://localhost:5173
20221211	22:40:51	5b30bb8f-7606-401a-9010-72ebd856c298	OPTIONS	/users	http://localhost:5173
20221211	22:40:51	9014e105-f542-4fd9-aa05-e1eeee7b7a04	GET	/users	http://localhost:5173
20221211	22:41:06	47da08f1-5092-4293-9ca0-57d2462de288	OPTIONS	/users	http://localhost:5173
20221211	22:41:06	396e4b83-bde8-4f92-9fd4-59775e553399	GET	/users	http://localhost:5173
20221211	22:41:21	bea7a9b8-cbdc-4f38-b48d-18dacaed8a95	OPTIONS	/users	http://localhost:5173
20221211	22:41:21	d65782fb-0c40-401d-a8b4-3dee159ffd50	GET	/users	http://localhost:5173
20221211	22:41:36	83d6a734-36fc-44eb-9bc6-f1df584cf72b	OPTIONS	/users	http://localhost:5173
20221211	22:41:36	a0f2a526-b6d8-475d-b4ef-8db67ee95122	GET	/users	http://localhost:5173
20221211	22:41:51	3fe121fb-2c8e-426c-ab0c-57925aa9d733	OPTIONS	/users	http://localhost:5173
20221211	22:41:51	01fc4534-8ae3-47bb-abdd-364aed04ea01	GET	/users	http://localhost:5173
20221211	22:42:06	cb391086-0626-4d25-8103-b128bad8e8be	OPTIONS	/users	http://localhost:5173
20221211	22:42:06	e7d4d48b-8f00-46e3-b95b-f0e9979738f5	GET	/users	http://localhost:5173
20221211	22:42:21	0536aacd-da99-4f2c-9115-65d057572f6b	OPTIONS	/users	http://localhost:5173
20221211	22:42:21	c1e4564d-3c46-4f34-80bd-339fbf0cfac9	GET	/users	http://localhost:5173
20221211	22:42:36	044ad244-30d2-4f20-82a9-0301be1be46e	OPTIONS	/users	http://localhost:5173
20221211	22:42:36	a8725d79-33a0-4c5a-84c8-513f070bbb41	GET	/users	http://localhost:5173
20221211	22:42:51	cc56a60f-5969-4a53-ac9f-68623a817949	OPTIONS	/users	http://localhost:5173
20221211	22:42:51	39d1b06a-4713-4724-b676-cf601dd4f7b5	GET	/users	http://localhost:5173
20221211	22:43:06	feb07118-287f-4d75-b597-54b2c5aab88d	OPTIONS	/users	http://localhost:5173
20221211	22:43:06	405c74d3-e3ca-4bdc-b032-5696f4095b54	GET	/users	http://localhost:5173
20221211	22:43:21	2f910be7-3f04-4a3f-82c0-9d31b10fbb32	OPTIONS	/users	http://localhost:5173
20221211	22:43:21	26d9cf76-ac64-46d3-94c0-02e22ff0ad6c	GET	/users	http://localhost:5173
20221211	22:43:36	e9673347-0985-49eb-8444-bb53c8e65304	OPTIONS	/users	http://localhost:5173
20221211	22:43:36	a3feb0f3-fdb4-456b-a2ce-5454b276a122	GET	/users	http://localhost:5173
20221211	22:43:51	f40c62e5-efa9-4569-8698-47aedb96c472	OPTIONS	/users	http://localhost:5173
20221211	22:43:51	1918fbc6-7d0f-47bf-8a01-38703eafb5c3	GET	/users	http://localhost:5173
20221211	22:44:07	8ad63a8b-00f3-4b2c-8d53-64ebc501f1e3	OPTIONS	/users	http://localhost:5173
20221211	22:44:07	2b57cc87-77fd-41c8-98a4-351cb04920c9	GET	/users	http://localhost:5173
20221211	22:44:22	edefdd0e-ac69-460c-821c-60fc10b02d1e	OPTIONS	/users	http://localhost:5173
20221211	22:44:22	f50a5e04-5500-44f4-930e-5c750950db66	GET	/users	http://localhost:5173
20221211	22:44:37	e88675f2-354d-465d-ac48-fc7d8ddba660	OPTIONS	/users	http://localhost:5173
20221211	22:44:37	eadb5182-116a-4fb3-b9f2-a2ba3e3e901b	GET	/users	http://localhost:5173
20221211	22:44:52	dea699d4-a132-4232-9ac5-91d437cfe48a	OPTIONS	/users	http://localhost:5173
20221211	22:44:52	041f31de-2a05-403f-8bd1-0e3309e52724	GET	/users	http://localhost:5173
20221211	22:45:07	bf62abf8-ff08-4823-9d24-2b634c8a5f97	OPTIONS	/users	http://localhost:5173
20221211	22:45:07	8506f5ae-3ed2-4c02-9e09-eb4013e07960	GET	/users	http://localhost:5173
20221211	22:45:22	6dfcb51f-f9b8-4da3-a0d7-6b1a8a3acf3d	OPTIONS	/users	http://localhost:5173
20221211	22:45:22	192edb22-3163-4e22-bfdd-bfac31fad5ea	GET	/users	http://localhost:5173
20221211	22:45:37	9e822b75-c473-4974-be9d-b043e255cd76	OPTIONS	/users	http://localhost:5173
20221211	22:45:37	33a7a483-4738-4d7d-ab78-c9dac348f7a6	GET	/users	http://localhost:5173
20221211	22:45:52	70594cea-ead3-47d5-b658-f3660b111dd4	OPTIONS	/users	http://localhost:5173
20221211	22:45:52	296bc495-f787-4df3-b911-ae6baf599ff1	GET	/users	http://localhost:5173
20221211	22:46:07	568dfdcb-a0f7-4f83-a288-7ca9559ba4de	OPTIONS	/users	http://localhost:5173
20221211	22:46:07	58e0c4d8-da23-4208-9fe5-64cb3755b0c1	GET	/users	http://localhost:5173
20221211	22:46:07	b28c29c1-a6e5-4183-9088-3fecd9de5bf8	OPTIONS	/auth/refresh	http://localhost:5173
20221211	22:46:07	7da10185-0f2d-4e7b-bc0a-e7ebb3d5a472	GET	/auth/refresh	http://localhost:5173
20221211	22:46:07	d780b4a3-d8d9-472f-a2ce-7b526d2b53d9	GET	/users	http://localhost:5173
20221211	22:46:22	0edc9310-ee4e-4901-a69d-c0667a8d15f2	OPTIONS	/users	http://localhost:5173
20221211	22:46:22	1d2d199d-7e6f-484a-874d-28f2f006b199	GET	/users	http://localhost:5173
20221211	22:46:37	590fca10-8f4e-4d59-8886-98c38cd4f454	OPTIONS	/users	http://localhost:5173
20221211	22:46:37	8037e9f7-ff4a-4762-be17-55148922d965	GET	/users	http://localhost:5173
20221211	22:46:52	31f159b4-6b28-42c9-a3eb-2f7dde7438ce	OPTIONS	/users	http://localhost:5173
20221211	22:46:52	9a1fd10a-7c86-4673-963e-fb7571e46b1a	GET	/users	http://localhost:5173
20221211	22:47:08	b650b6e3-21b8-4ee2-bdab-2b5a0606544c	OPTIONS	/users	http://localhost:5173
20221211	22:47:08	6ddd0d1f-0f40-45fa-9a12-b627ed989731	GET	/users	http://localhost:5173
20221211	22:47:23	5ec8046a-1c87-4c35-aacd-405dd9d206d4	OPTIONS	/users	http://localhost:5173
20221211	22:47:23	d25cfb6d-7995-4bb9-b529-8469a93ca83e	GET	/users	http://localhost:5173
20221211	22:47:38	358c4132-e1fb-4f45-99da-30b94084baa3	OPTIONS	/users	http://localhost:5173
20221211	22:47:38	ea48a2ab-3add-4d54-80aa-b091a5e2b3f1	GET	/users	http://localhost:5173
20221211	22:47:53	f5c89d01-7bde-4950-969e-c101028a564b	OPTIONS	/users	http://localhost:5173
20221211	22:47:53	4d9b37a5-d80f-4cb2-9e8a-9c3005a7dfd9	GET	/users	http://localhost:5173
20221211	22:48:08	a9e68e41-86c6-4d91-8394-f25fcfc769aa	OPTIONS	/users	http://localhost:5173
20221211	22:48:08	24b672e8-de7f-41a4-9d3e-a5ff861fad4c	GET	/users	http://localhost:5173
20221211	22:48:23	2ebfdd55-20a3-49f2-9d10-a5f3f872190e	OPTIONS	/users	http://localhost:5173
20221211	22:48:23	3c0510f4-cc47-47fa-8c86-1990c12ddeed	GET	/users	http://localhost:5173
20221211	22:48:38	39d90013-523f-436c-8b36-7d3faba27b52	OPTIONS	/users	http://localhost:5173
20221211	22:48:38	08c30b63-6047-40b0-9243-b632d5a87587	GET	/users	http://localhost:5173
20221211	22:48:53	cd84f7de-2b18-4d4c-a0e3-86b64f4c3b31	OPTIONS	/users	http://localhost:5173
20221211	22:48:53	ceb732c4-3a9e-4a7a-a341-bcd2b3e037ee	GET	/users	http://localhost:5173
20221211	22:49:08	7fc21b3c-b9ec-4902-9f46-aa60fc7da30c	OPTIONS	/users	http://localhost:5173
20221211	22:49:08	bf678ed6-1ba9-40be-82d3-db3ed56f2d7d	GET	/users	http://localhost:5173
20221211	22:49:23	e66d0bad-fdc0-4be5-b94c-54ae9ca954c6	OPTIONS	/users	http://localhost:5173
20221211	22:49:23	2b7bba71-3519-4f90-9504-26480a0e4c9c	GET	/users	http://localhost:5173
20221211	22:49:38	2c1ae84a-7a63-49dc-88f2-d071678f4f94	OPTIONS	/users	http://localhost:5173
20221211	22:49:38	3aa2406f-d3ab-47ef-8800-f01c9711acfb	GET	/users	http://localhost:5173
20221211	22:49:53	7f2fb94f-85c3-4c55-8547-2dacc9fb3dda	OPTIONS	/users	http://localhost:5173
20221211	22:49:53	3ddbb283-aa35-4026-becf-6a4e8da7315b	GET	/users	http://localhost:5173
20221211	22:50:09	ebc6fd76-8db7-408a-9cd5-3059d42bce63	OPTIONS	/users	http://localhost:5173
20221211	22:50:09	e22c5e1a-e2f9-43a4-9049-feece39d1e8d	GET	/users	http://localhost:5173
20221211	22:50:24	08020304-c46e-4cd4-8ada-1542103f6f12	OPTIONS	/users	http://localhost:5173
20221211	22:50:24	58529d5c-f3e6-4c1b-b1e9-bbceb5aaaeda	GET	/users	http://localhost:5173
20221211	22:50:25	42d170ba-7cca-429e-b04c-dc82661d2869	GET	/users	http://localhost:5173
20221211	22:50:38	84ed0bbe-8b60-4b80-b0f7-7265c83fdd37	OPTIONS	/users	http://localhost:5173
20221211	22:50:38	f1b7c13d-ab70-423f-896c-83302b3233a2	GET	/users	http://localhost:5173
20221211	22:50:54	3823cee3-6765-438e-9bde-d027fa05467b	OPTIONS	/users	http://localhost:5173
20221211	22:50:54	b805678e-213e-4143-ab31-65056023659e	GET	/users	http://localhost:5173
20221211	22:51:07	16e39b29-1f7e-4438-a126-92e1eade2c4e	OPTIONS	/users	http://localhost:5173
20221211	22:51:07	65e47626-3584-49d5-954c-905a0789963c	GET	/users	http://localhost:5173
20221211	22:51:09	808f517a-6c28-4ff7-8ce2-b7b92d9d19cb	GET	/users	http://localhost:5173
20221211	22:51:09	cba0f867-d7a5-4797-ad44-8939f39c7d64	GET	/users	http://localhost:5173
20221211	22:51:24	99faad2a-c361-4ae2-96bf-a0662cc098aa	GET	/users	http://localhost:5173
20221211	22:51:38	20fba4bf-9a38-4375-b6c0-1c4908a6639d	GET	/users	http://localhost:5173
20221211	22:51:46	88a9a9a0-335b-477c-a529-8371dec6f659	GET	/users	http://localhost:5173
20221211	22:51:49	e4a5daf4-d199-45e7-be8b-75ca306cfafe	POST	/auth/logout	http://localhost:5173
20221211	22:51:51	338409ef-192e-4564-ad1b-5811bbdef4b3	OPTIONS	/auth	http://localhost:5173
20221211	22:51:51	8397f2d0-29ca-482d-b0ea-3d36d864ddd9	POST	/auth	http://localhost:5173
20221211	22:51:51	ef787dc6-2a22-4b43-bb85-5570446523e6	OPTIONS	/users	http://localhost:5173
20221211	22:51:51	b77a23e4-a57e-4209-b5e3-058668ff8168	OPTIONS	/users	http://localhost:5173
20221211	22:51:51	baedb836-ec36-4f55-904b-9e3253d6970f	GET	/users	http://localhost:5173
20221211	22:51:51	b85159c5-033b-4a4d-8eb4-c5d3c8417a93	GET	/users	http://localhost:5173
20221211	22:52:10	7c3081ba-7a3b-477d-9002-7a2f4114fe26	GET	/users	http://localhost:5173
20221211	22:52:10	24d8570c-75d3-49db-bb1c-f96b30492b5f	GET	/users	http://localhost:5173
20221211	22:52:39	f23f802e-f1ba-4a32-ba1e-5a8589dc0367	GET	/users	http://localhost:5173
20221211	22:52:39	2863eacf-18c7-4b7d-9d5a-f56b03eb7165	GET	/users	http://localhost:5173
20221211	22:52:51	bc2bef9d-e81b-4d12-91e0-9bbe25494418	GET	/users	http://localhost:5173
20221211	22:52:51	23632af2-0a3b-40c3-b5b6-07b1558a88b9	GET	/users	http://localhost:5173
20221211	22:53:00	49bf48c4-b513-475b-b1c2-af87957b3dbe	GET	/users	http://localhost:5173
20221211	22:53:15	8c944743-a203-488b-8ff2-b67656f35867	GET	/users	http://localhost:5173
20221211	22:53:30	1c46080d-ed3c-433b-a928-141cdf5f7af0	GET	/users	http://localhost:5173
20221211	22:53:45	d74c67b0-b96e-49eb-8e5a-f3e4e70f7c2a	GET	/users	http://localhost:5173
20221211	22:53:46	eaea7e98-5383-4b87-bb69-7a7c712369ce	GET	/users	http://localhost:5173
20221211	22:54:32	b38b7f6e-692e-4e48-a6d2-adab7846f6cb	GET	/users	http://localhost:5173
20221211	22:54:32	41306b1a-9fbb-4f61-8f38-7719a737b07d	GET	/users	http://localhost:5173
20221211	22:54:33	f148112f-90ef-4e31-91aa-732f474aa045	GET	/users	http://localhost:5173
20221211	22:54:35	9093385b-b106-417f-bf02-b66c7035ac5e	GET	/users	http://localhost:5173
20221211	22:54:35	372aeb93-f42d-408c-8114-9c87f884e780	GET	/users	http://localhost:5173
20221211	22:54:50	2c9cc28f-0099-4b41-9b71-9b197bb829bd	GET	/users	http://localhost:5173
20221211	22:54:50	5fe82187-defd-43f0-aa5c-b3cbb43f9f58	GET	/users	http://localhost:5173
20221211	22:54:52	d825db4a-7310-49f5-a2d9-f0b3ef11b1c5	GET	/users	http://localhost:5173
20221211	22:55:27	3125d345-1335-4a71-954f-4e9a48a95058	GET	/users	http://localhost:5173
20221211	22:55:27	f259e7a9-07c9-46ef-9c51-6162d09aba37	GET	/users	http://localhost:5173
20221211	22:55:28	b21e0c39-7f5b-4dd1-9fb0-fb37d93d7103	GET	/users	http://localhost:5173
20221211	22:55:36	6e9c5c75-f1b2-49ca-aa3c-a38256e6859f	GET	/users	http://localhost:5173
20221211	22:55:36	18a75833-51e1-42a5-8330-2d69d0f23802	GET	/users	http://localhost:5173
20221211	22:55:47	264b3d24-492a-4db9-be36-54b316b8f030	GET	/users	http://localhost:5173
20221211	22:56:11	21ca38d1-911b-4e90-ab02-f0d240282cdd	GET	/users	http://localhost:5173
20221211	22:56:11	a1fc4bf2-7e9f-41fe-b0a6-37a004320694	GET	/users	http://localhost:5173
20221211	22:56:14	9797935f-9bc8-46e3-a28d-b58154a6715b	GET	/users	http://localhost:5173
20221211	22:56:20	1cbce490-9e54-4427-8b1d-545026765b20	GET	/users	http://localhost:5173
20221211	22:56:20	9f973a68-7f89-43ac-9a33-bf5959206079	GET	/users	http://localhost:5173
20221211	22:56:35	8cdb7444-2885-40e3-94b8-5ed0d4873790	GET	/users	http://localhost:5173
20221211	22:56:49	81d224fc-e55c-4ecb-b9de-67f57f2aaac7	GET	/users	http://localhost:5173
20221211	22:56:52	486ca354-a13a-4704-81a9-3580ac21339f	GET	/users	http://localhost:5173
20221211	22:56:54	fe1b0aff-31c1-408f-948f-c4261b4afe40	GET	/users	http://localhost:5173
20221211	22:56:54	b7c1d51a-ce86-4c65-b4d4-ff027735cc18	GET	/users	http://localhost:5173
20221211	22:57:10	d98063a3-57ee-4070-8b2c-4a76fbf82399	GET	/users	http://localhost:5173
20221211	22:57:14	d25f252a-1320-4de6-9ae6-fe42f5333ac2	GET	/users	http://localhost:5173
20221211	22:57:15	c29d31f8-9858-43c8-a33f-a31a87bfb00e	GET	/users	http://localhost:5173
20221211	22:57:17	31e48a07-73f0-47fc-9728-516edcdb3f06	GET	/users	http://localhost:5173
20221211	22:57:17	de5b756c-01c5-48f6-a42c-2b9a16b1b1ec	GET	/users	http://localhost:5173
20221211	22:57:32	08b134ac-5e5a-4bb3-8b27-174eb4988459	GET	/users	http://localhost:5173
20221211	22:57:47	985b63a9-6a64-4387-ac21-9bc68982a761	GET	/users	http://localhost:5173
20221211	22:58:02	65bc0312-4c86-4a6b-9cbb-29919f2df2b2	GET	/users	http://localhost:5173
20221211	22:58:17	e85d20b4-5c18-4793-89b7-e23f90dfe661	GET	/users	http://localhost:5173
20221211	22:58:32	8c4852e3-b991-42c4-8aef-d78e5cf70b8b	GET	/users	http://localhost:5173
20221211	23:00:45	12dfc357-516e-4349-b384-1b783efd0694	GET	/users	http://localhost:5173
20221211	23:00:45	224345b8-77ff-4268-aa7a-93581ed39ff2	GET	/users	http://localhost:5173
20221211	23:00:45	710a47fa-79d5-431c-9656-64d68d5e74a8	GET	/users	http://localhost:5173
20221211	23:01:34	b4fc4d5e-c99b-4863-bac7-bdd5ccadb01f	GET	/users	http://localhost:5173
20221211	23:01:34	02a3cc79-5013-44c1-9c63-a3ba58b1a726	GET	/users	http://localhost:5173
20221211	23:01:49	f50810bb-413a-4d46-a27f-55754d64ade5	GET	/users	http://localhost:5173
20221211	23:02:04	8b1a4d04-cceb-4478-8a78-b134d20198d1	GET	/users	http://localhost:5173
20221211	23:02:04	a1eee680-b1ee-4e70-abdc-238342dd52a4	GET	/users	http://localhost:5173
20221211	23:02:19	1e76979e-1218-40a3-94bf-6be29d952af9	GET	/users	http://localhost:5173
20221211	23:02:34	d69a8f6c-8e9f-4773-9e03-cdd767d69273	GET	/users	http://localhost:5173
20221211	23:02:49	8d6c34a6-51cd-49f3-85da-61b65a2d46ff	GET	/users	http://localhost:5173
20221211	23:03:04	6e8d4a16-3161-40a2-a3a4-f991069d28c7	GET	/users	http://localhost:5173
20221211	23:03:19	8dc2f6b4-9e85-404d-9a1d-3f3e0464a7dd	GET	/users	http://localhost:5173
20221211	23:03:34	228ad98a-677b-4d2d-ab70-8298dd81c4ee	GET	/users	http://localhost:5173
20221211	23:03:41	a70b5be9-4dd6-48d2-99cc-8831a2b40621	GET	/users	http://localhost:5173
20221211	23:03:46	a4876c2f-11b1-4b01-b59c-149b717470f6	GET	/users	http://localhost:5173
20221211	23:03:46	5eee3d10-5ac6-4a3c-b46e-51dec1e118c8	GET	/users	http://localhost:5173
20221211	23:04:01	b769ccd2-282a-40f1-b5b1-9ad1fb2936c7	GET	/users	http://localhost:5173
20221211	23:04:16	94cebdb3-8aaf-47fa-9c93-a7c7ac0b8166	GET	/users	http://localhost:5173
20221211	23:04:31	b1c82059-6125-45ff-8660-150a35bf0f7e	GET	/users	http://localhost:5173
20221211	23:04:46	4dfc5585-9c25-4bf2-bc8b-235fa620506a	GET	/users	http://localhost:5173
20221211	23:05:01	724b86e5-adaa-4623-aae5-2a727f3e6f19	GET	/users	http://localhost:5173
20221211	23:05:16	d453512a-dc98-46f5-a1a2-fd8f85293d5e	GET	/users	http://localhost:5173
20221211	23:05:31	e063f749-a74b-44ff-af6f-40048d8b3dd3	GET	/users	http://localhost:5173
20221211	23:05:46	acd5de86-6fca-4b05-a4a6-cad36e77daf4	GET	/users	http://localhost:5173
20221211	23:06:01	448cfcfd-c9ac-4d4c-9f3c-72dd353cf78b	GET	/users	http://localhost:5173
20221211	23:06:16	9141f3f5-1f8b-4327-a756-dc23f5635cc9	GET	/users	http://localhost:5173
20221211	23:06:31	3dccb326-620b-4ab0-8b0f-4ea1cb68029d	GET	/users	http://localhost:5173
20221211	23:06:46	0a06dfab-d2ca-402d-8b3c-615ed25e6daf	GET	/users	http://localhost:5173
20221211	23:07:01	4e358695-a31f-48a0-8905-8b8dfb446d67	GET	/users	http://localhost:5173
20221211	23:07:16	6629dd34-fe72-4245-812b-67a80244e6ff	GET	/users	http://localhost:5173
20221211	23:07:31	81782b1a-b27e-470e-af7c-2860b9e16240	GET	/users	http://localhost:5173
20221211	23:07:46	ca41a8f9-b85d-4870-a8a7-b74f10ce9326	GET	/users	http://localhost:5173
20221211	23:08:01	9a9f24f1-0cc8-42b2-9f1f-bfc56cea992b	GET	/users	http://localhost:5173
20221211	23:08:16	8bf32989-f2eb-4897-9bc8-d6fb60fa7ae6	GET	/users	http://localhost:5173
20221211	23:08:31	c5f28cd3-82d9-43e1-a11b-75a93c412f21	GET	/users	http://localhost:5173
20221211	23:08:46	ae35f5b9-d72b-4f7c-8728-fb21ab622d4d	GET	/users	http://localhost:5173
20221211	23:09:01	4c9b6d90-ed7d-4af2-a197-216b3bcfae71	GET	/users	http://localhost:5173
20221211	23:09:16	24b6f148-bc85-4c21-b310-eaeb686f504c	GET	/users	http://localhost:5173
20221211	23:09:23	a81052dd-7118-45a2-b518-f3b7579577ad	GET	/users	http://localhost:5173
20221211	23:09:37	894c6e11-59c4-4903-9b5a-facc9ed89136	GET	/users	http://localhost:5173
20221211	23:09:49	67a29fce-6c68-4598-9bdd-8fba9f943fa0	GET	/users	http://localhost:5173
20221211	23:09:55	a9366fde-7f2b-4cac-8c09-fd8a722aa24c	GET	/users	http://localhost:5173
20221211	23:09:55	525b629f-e9af-4a5b-970e-c5efda0833a3	GET	/users	http://localhost:5173
20221211	23:10:10	b749d7ca-3a08-4b1f-9be1-b198656a98c7	GET	/users	http://localhost:5173
20221211	23:10:25	a04fc6fc-b13d-4f5a-bf22-af438543f2c9	GET	/users	http://localhost:5173
20221211	23:10:40	bd6f5d5c-6856-43ca-9058-5205b9560c9f	GET	/users	http://localhost:5173
20221211	23:10:55	6a14bcef-2cab-4d82-a6cc-2a085995d201	GET	/users	http://localhost:5173
20221211	23:11:10	f2f2fecc-b327-4fce-a883-06a5a2a5a7fb	GET	/users	http://localhost:5173
20221211	23:11:25	f2316a9c-deec-45a4-a074-ca664e4e4a11	GET	/users	http://localhost:5173
20221211	23:11:40	220c62a9-853f-499c-b75d-c96b41a0f68b	GET	/users	http://localhost:5173
20221211	23:11:46	7e5d3344-401b-4311-900d-ac06cfbec68b	GET	/users	http://localhost:5173
20221211	23:12:01	35e0e92b-f17e-4f2a-be39-ca087741296a	GET	/users	http://localhost:5173
20221211	23:12:17	6687e598-cd7f-4165-8e56-aae0772160c4	GET	/users	http://localhost:5173
20221211	23:12:33	42a1085e-ff8b-4b1c-8f3f-b4b3e8a3a9bb	GET	/users	http://localhost:5173
20221211	23:12:49	d0aafc3f-0b17-4122-bcdf-5bb0bb3ef5dc	GET	/users	http://localhost:5173
20221211	23:12:51	8072104b-587f-4fda-b442-20b9eee0f897	GET	/users	http://localhost:5173
20221211	23:13:07	c3786ab2-5f3e-4f1f-a8fb-5b4140768d6c	GET	/users	http://localhost:5173
20221211	23:13:11	e689e1ad-6870-4e2f-8b72-9ee5a64cca6f	GET	/users	http://localhost:5173
20221211	23:13:15	64924ce1-4cfc-436a-a848-47e47159321d	GET	/users	http://localhost:5173
20221211	23:13:15	68c7ed32-f9ab-472e-9bab-85899a84e82d	GET	/users	http://localhost:5173
20221211	23:13:30	d83af07e-c618-4c08-8879-39a8cdd292d3	GET	/users	http://localhost:5173
20221211	23:13:33	72b885ec-9893-402f-80b0-fbd033f80d48	GET	/users	http://localhost:5173
20221211	23:13:37	d820de4f-14bf-41b5-9bab-b98acdff6482	GET	/users	http://localhost:5173
20221211	23:13:37	2c60eb7d-394f-41c2-b564-eebf95168775	GET	/users	http://localhost:5173
20221211	23:13:52	9d7d5fc0-516c-434a-8605-4991ff6d499d	GET	/users	http://localhost:5173
20221211	23:14:07	02218022-97b8-46c8-a7d5-eff66ec77c8e	GET	/users	http://localhost:5173
20221211	23:14:12	66e222b8-464d-4826-a4d8-5a0278d5bf2c	GET	/users	http://localhost:5173
20221211	23:14:27	270498fe-46af-4ff7-89e2-376df8e3ea96	GET	/users	http://localhost:5173
20221211	23:14:42	59d2bb51-17a7-4b07-b773-5816a992362d	GET	/users	http://localhost:5173
20221211	23:14:57	0414e6ef-5dd3-4c48-8fa0-9db5f4f81eef	GET	/users	http://localhost:5173
20221211	23:15:12	aea65bea-a93c-4209-9d94-115b013850b3	GET	/users	http://localhost:5173
20221211	23:15:27	0e540c25-0112-4e9d-8b80-c9b1312a566f	GET	/users	http://localhost:5173
20221211	23:15:34	ee647edc-60fe-4fa8-acc7-942353211ad3	GET	/users	http://localhost:5173
20221211	23:15:49	a3ff0761-ee1d-4869-b772-2bd4163a27ea	GET	/users	http://localhost:5173
20221211	23:16:05	dc229194-acff-4166-8737-7dfda52a1223	GET	/users	http://localhost:5173
20221211	23:16:05	b8491f04-24ed-48cf-93bf-6378ffe26fc8	GET	/users	http://localhost:5173
20221211	23:16:20	3224a352-8b5e-4488-8595-76409370570f	GET	/users	http://localhost:5173
20221211	23:16:35	67b47617-4712-47ca-8bb6-f38c76321be0	GET	/users	http://localhost:5173
20221211	23:16:50	fbc6fe06-ca6c-4287-aab4-7ce0689f9fd0	GET	/users	http://localhost:5173
20221211	23:16:56	df392baf-4fb2-4c82-8c62-0047e3f22588	GET	/users	http://localhost:5173
20221211	23:16:56	8feb90d1-36f1-4eff-a942-199383276b70	GET	/users	http://localhost:5173
20221211	23:16:59	4f993c22-32be-4065-b8b0-a6763fcccdb2	GET	/users	http://localhost:5173
20221211	23:16:59	2d3ca00e-8fda-48f5-b101-eaf7f511ded6	GET	/users	http://localhost:5173
20221211	23:17:29	06587d23-3d43-43de-8932-fec0103b1b21	GET	/users	http://localhost:5173
20221211	23:17:29	48e13399-d1c9-472c-90ea-b799b740331a	GET	/users	http://localhost:5173
20221211	23:17:29	5438136f-0fe8-4b98-9980-dd587646d172	GET	/users	http://localhost:5173
20221211	23:17:33	efcb2f2f-c864-4999-87b9-7f410e75290e	GET	/users	http://localhost:5173
20221211	23:17:33	bd28f3b3-8064-45f3-914f-2b30d4eb1d15	GET	/users	http://localhost:5173
20221211	23:17:44	fabccd6e-aff3-4d11-ba27-a0af00514dd4	GET	/users	http://localhost:5173
20221211	23:17:46	62b2da8f-f9ba-4f43-a656-b140b2b70a6a	GET	/users	http://localhost:5173
20221211	23:17:46	c798398a-6cef-4451-81c5-954d0d170df1	GET	/users	http://localhost:5173
20221211	23:18:29	5856e1cd-1b11-4e96-be78-7f23f4113943	GET	/users	http://localhost:5173
20221211	23:18:29	a8575a47-fe8a-43c9-b7f4-3a3aa007cacb	GET	/users	http://localhost:5173
20221211	23:18:30	cdfe63ff-d9ef-48ba-978c-d5e75db09d03	GET	/users	http://localhost:5173
20221211	23:18:33	1ba1dd1b-6113-4c18-a1a7-2d3d0d6079cc	GET	/users	http://localhost:5173
20221211	23:18:33	99d97a47-9234-4858-af2d-840126d03641	GET	/users	http://localhost:5173
20221211	23:18:49	7c08a44e-4da8-4bba-b782-f41c56f9832b	GET	/users	http://localhost:5173
20221211	23:19:04	b7d6c48a-f01d-44db-9d54-229b009c8cf5	GET	/users	http://localhost:5173
20221211	23:19:19	887d5559-4eac-4a4b-a13c-874af99e2de2	GET	/users	http://localhost:5173
20221211	23:19:34	ec8ee9a2-73b6-4cd8-b6c9-16d70d48f15a	GET	/users	http://localhost:5173
20221211	23:19:49	aaf2430e-497a-4cae-af5f-c4eb1d311a90	GET	/users	http://localhost:5173
20221211	23:20:04	7014a5d0-d5cf-4c52-9b5b-f837f25ce3b5	GET	/users	http://localhost:5173
20221211	23:20:19	dbc200fd-a97d-4bdb-89cb-200806ff65c2	GET	/users	http://localhost:5173
20221211	23:20:21	b2b0fbe5-8707-4aa8-9240-9a4f593d923b	GET	/users	http://localhost:5173
20221211	23:20:37	a1bb5788-d4ac-4a4d-9617-182e4b02ee99	GET	/users	http://localhost:5173
20221211	23:20:53	6dbe2070-b611-4641-95c7-0af6160da064	GET	/users	http://localhost:5173
20221211	23:21:09	4f2c8048-7198-40df-8c26-06cbeb87fa7a	GET	/users	http://localhost:5173
20221211	23:21:25	84e16598-5abe-446d-b289-ed2dc8d3efe2	GET	/users	http://localhost:5173
20221211	23:21:41	b7981af2-1152-4bdd-9c4d-27fc7639f39b	GET	/users	http://localhost:5173
20221211	23:21:57	215c49ea-55de-406e-a89b-fcbb92cef164	GET	/users	http://localhost:5173
20221211	23:22:13	5301b8b4-3083-4b55-85b9-c399897c9da0	GET	/users	http://localhost:5173
20221211	23:22:29	b4332861-f2f3-43ff-b1ac-d24a42fe16f0	GET	/users	http://localhost:5173
20221211	23:22:45	e35a97b9-ab31-4bba-9272-562920074702	GET	/users	http://localhost:5173
20221211	23:23:01	3b45075a-7a97-442a-8111-0207748ae9d2	GET	/users	http://localhost:5173
20221211	23:23:17	60f7b387-28b6-4515-8eac-dff30058a214	GET	/users	http://localhost:5173
20221211	23:23:33	03d871a8-b53c-4de5-8dfb-bd38a16829f2	GET	/users	http://localhost:5173
20221211	23:23:49	fb3ae43c-bb1a-4758-abfb-16f886c699ce	GET	/users	http://localhost:5173
20221211	23:24:05	e42f01ba-edcd-4f23-be22-af8c1d1c0183	GET	/users	http://localhost:5173
20221211	23:24:21	d149da53-7e25-4e2b-a39a-d4f4d47d95eb	GET	/users	http://localhost:5173
20221211	23:24:37	377a5d0f-ffbc-40f5-a69a-e540eb95929a	GET	/users	http://localhost:5173
20221211	23:24:53	c48176da-2f7c-48a1-b934-7d423e763ecf	GET	/users	http://localhost:5173
20221211	23:25:09	13944a48-7437-4f31-8c61-23e5fac2fb59	GET	/users	http://localhost:5173
20221211	23:25:25	41ae23af-b11b-495c-b2fd-1a89c3b6b5ef	GET	/users	http://localhost:5173
20221211	23:25:41	27564d9d-ace7-49a3-8bb5-1da7d368e81e	GET	/users	http://localhost:5173
20221211	23:25:57	765ef7e4-cb94-42ef-8b68-29557e2dfece	GET	/users	http://localhost:5173
20221211	23:26:13	3edd8a2f-055f-4bfc-b89d-eedfb3bd2e4c	GET	/users	http://localhost:5173
20221211	23:26:29	f79519b0-3533-4f31-86bd-2f7f3c4de563	GET	/users	http://localhost:5173
20221211	23:26:45	1ce3a313-5913-4453-8b38-4b70ef3761f3	GET	/users	http://localhost:5173
20221211	23:27:01	c6cf9876-d2cc-4bc4-8312-8c53da79c8de	GET	/users	http://localhost:5173
20221211	23:27:17	3db38b49-2bff-4c14-bfb0-bbaf2050341b	GET	/users	http://localhost:5173
20221211	23:27:33	15066a68-6eb2-4806-8a7c-2bb499f85239	GET	/users	http://localhost:5173
20221211	23:27:49	0601855a-b4d1-49e2-aa9a-fcae9b9219a1	GET	/users	http://localhost:5173
20221211	23:28:05	f3f2c1e6-01a5-43d8-9fd3-2f15bca82bb4	GET	/users	http://localhost:5173
20221211	23:28:21	65f494df-70d7-48b5-9c06-668b670bd57e	GET	/users	http://localhost:5173
20221211	23:28:37	0d1a01b4-a1c8-48f6-926d-9e579758753e	GET	/users	http://localhost:5173
20221211	23:28:53	06f2f533-f37b-4911-a9d3-7f60c8802709	GET	/users	http://localhost:5173
20221211	23:29:09	013f8785-3431-48fd-8560-0a97ef5c3e92	GET	/users	http://localhost:5173
20221211	23:43:28	52b9d218-5558-4c2e-b4df-a557ba96b69d	GET	/users	http://localhost:5173
20221211	23:43:28	9c05d00b-60dd-4132-ae0a-75bf15d22b5f	POST	/auth/logout	http://localhost:5173
20221211	23:43:33	98881754-c6b5-47df-ae74-953bc1fc3b38	OPTIONS	/auth	http://localhost:5173
20221211	23:43:33	b30e095b-3a74-4d3b-8bd9-6cca407ece4c	POST	/auth	http://localhost:5173
20221211	23:43:33	4714f99d-945e-4fcc-a3aa-27f278f83410	OPTIONS	/users	http://localhost:5173
20221211	23:43:33	8a89bfa1-e497-49a0-93de-61b0a578246e	OPTIONS	/users	http://localhost:5173
20221211	23:43:33	03a9b188-09fb-4cb0-b2bf-695c8c34aac7	GET	/users	http://localhost:5173
20221211	23:43:33	8bffb719-a12b-47cd-9219-e8137425644e	GET	/users	http://localhost:5173
20221211	23:43:48	c1c8d95c-0088-4d08-9b29-0e889a197ec6	OPTIONS	/users	http://localhost:5173
20221211	23:43:48	b903f06c-f031-4de6-9b84-a96414597025	GET	/users	http://localhost:5173
20221211	23:44:03	559ea3ec-cb9a-46dd-84dd-359a2f8770c5	OPTIONS	/users	http://localhost:5173
20221211	23:44:03	775e7863-89fc-4574-9061-885561675ec1	GET	/users	http://localhost:5173
20221211	23:44:10	70ef65ac-93ef-457c-b72d-719de4395553	OPTIONS	/users	http://localhost:5173
20221211	23:44:10	e3df1edc-32e7-4b66-aaf3-cd914dc3ded1	GET	/users	http://localhost:5173
20221211	23:44:16	58205d36-2e54-401a-b0fd-6bc5c5f5fba3	GET	/auth/refresh	http://localhost:5173
20221211	23:44:17	d0801f65-6f9e-4af0-8bf6-4c9858aaaf1a	OPTIONS	/users	http://localhost:5173
20221211	23:44:17	7f2e1ee1-a436-4cfa-9005-193c6dd2f054	OPTIONS	/users	http://localhost:5173
20221211	23:44:17	93cc7948-0dc3-4edb-b10e-a30eeebae17a	GET	/users	http://localhost:5173
20221211	23:44:17	bcdd9eec-c344-4580-91bb-f3944859c5e1	GET	/users	http://localhost:5173
20221211	23:44:23	f5d5eaf6-e3c3-4e60-ba52-5654216e5ecb	GET	/auth/refresh	http://localhost:5173
20221211	23:44:23	e16ffc07-fcf0-42fb-b1f1-57fc7bf208b8	OPTIONS	/users	http://localhost:5173
20221211	23:44:23	137107d3-3fd9-4f09-a906-a59cff214b7f	OPTIONS	/users	http://localhost:5173
20221211	23:44:23	aeace1a6-aef8-428d-bfe5-c932c2085755	GET	/users	http://localhost:5173
20221211	23:44:23	e8e9a4d0-5d61-4a09-8566-e05fa10fee37	GET	/users	http://localhost:5173
20221211	23:44:38	a04e4eaa-b7ce-479c-bf5b-257202375119	OPTIONS	/users	http://localhost:5173
20221211	23:44:38	22276eb3-8d16-4c25-9261-5444a5c6d9d7	GET	/users	http://localhost:5173
20221211	23:44:53	6c4cac1f-4df4-449a-b80a-7ad6b6bdd57a	OPTIONS	/users	http://localhost:5173
20221211	23:44:53	f0f0c9ca-cec4-423f-96d5-4c2eed6f88e0	GET	/users	http://localhost:5173
20221211	23:45:08	33977a66-18ff-4c5b-8ad7-9c02c2c00a2f	OPTIONS	/users	http://localhost:5173
20221211	23:45:08	cb63fe09-887f-427a-9163-a21156929b6f	GET	/users	http://localhost:5173
20221211	23:45:24	76fd1383-f880-4a63-b372-ea7f29cf6c05	OPTIONS	/users	http://localhost:5173
20221211	23:45:24	3042dcbb-3279-4f5a-a6ac-4002cbf8fd59	GET	/users	http://localhost:5173
20221211	23:45:39	af678fbe-a1c1-4447-8a66-80361f75aa5f	OPTIONS	/users	http://localhost:5173
20221211	23:45:39	452ac262-c4c7-4c22-b21d-b5503f2b075a	GET	/users	http://localhost:5173
20221211	23:45:55	ad02ca5a-51f7-40e3-813b-4ca16dc6344c	OPTIONS	/users	http://localhost:5173
20221211	23:45:55	beb30903-d92d-4120-ba08-efea4e0aca85	GET	/users	http://localhost:5173
20221211	23:45:57	d09f4546-50d8-426f-a2dd-1a5ec1f8ea9c	GET	/auth/refresh	http://localhost:5173
20221211	23:45:57	af2c1024-6717-4001-9866-3c52a68289ac	GET	/users	http://localhost:5173
20221211	23:45:57	fb335ee0-95ec-4e4f-8a61-d726c765fee2	GET	/users	http://localhost:5173
20221211	23:46:12	22004345-3b3b-4be5-a5af-5f057f09b208	OPTIONS	/users	http://localhost:5173
20221211	23:46:12	5b5887dc-3e3f-4de7-b8c7-66d936b98dba	GET	/users	http://localhost:5173
20221211	23:46:27	fe570f42-45af-434b-8c53-5e78668682ee	OPTIONS	/users	http://localhost:5173
20221211	23:46:27	5fc621f5-7e90-49ee-a1ab-43a728b69441	GET	/users	http://localhost:5173
20221211	23:46:42	34ee9359-1b30-42fa-af6e-047e523c3aec	OPTIONS	/users	http://localhost:5173
20221211	23:46:42	f2384e00-97a0-4ce6-b65d-39fc0d29af44	GET	/users	http://localhost:5173
20221211	23:46:57	db0503d9-8729-45a9-9c79-ebe02b3ad0c2	OPTIONS	/users	http://localhost:5173
20221211	23:46:57	73db08ca-8516-4d1b-a42d-2777a3a5245b	GET	/users	http://localhost:5173
20221211	23:47:12	729c08b8-b2a0-41a4-8e09-b4b442163540	OPTIONS	/users	http://localhost:5173
20221211	23:47:12	d474ac3d-21fc-4b37-8e05-3b3c7c38866e	GET	/users	http://localhost:5173
20221211	23:47:27	c959b1ab-644a-4368-838b-be03d4488be1	OPTIONS	/users	http://localhost:5173
20221211	23:47:27	445f0fe6-5356-43de-9a6e-e31880bdb3a0	GET	/users	http://localhost:5173
20221211	23:47:43	1ddb4c41-1bdd-4da2-a979-a7c625f65a5a	GET	/auth/refresh	http://localhost:5173
20221211	23:47:43	163a4204-94bf-4be2-b932-87727c1f4355	OPTIONS	/users	http://localhost:5173
20221211	23:47:43	dacbd8b6-2ba6-4741-b0e7-93a8405f7ce5	OPTIONS	/users	http://localhost:5173
20221211	23:47:43	7542e953-3287-4c77-b693-4c54cf6e0b02	GET	/users	http://localhost:5173
20221211	23:47:43	e5b2beec-5363-4ea2-bcd7-95521e17c8ca	GET	/users	http://localhost:5173
20221211	23:47:57	374ee330-d4b0-4a5b-afff-cc978ef9e952	OPTIONS	/users	http://localhost:5173
20221211	23:47:57	030ebc45-a0da-417f-9971-57905a8eabe0	GET	/users	http://localhost:5173
20221211	23:48:06	90d3e6f5-f5d7-4742-8f18-4f59a05e9768	OPTIONS	/users	http://localhost:5173
20221211	23:48:06	19db733b-99b8-4a6a-b2a1-feb349c1ff6d	GET	/users	http://localhost:5173
20221211	23:48:21	8a28bfd5-a01f-4578-97ca-083c8e093516	OPTIONS	/users	http://localhost:5173
20221211	23:48:21	6212d9fe-7bff-4aa8-8833-6aa1e7358aae	GET	/users	http://localhost:5173
20221211	23:48:36	aaa5c598-c5cf-46e7-bf04-e2031a91d85c	OPTIONS	/users	http://localhost:5173
20221211	23:48:36	02a6c91b-0515-41c5-87d5-bfb91df30949	GET	/users	http://localhost:5173
20221211	23:48:51	736ea459-22eb-426b-8f0e-b02b7619038e	OPTIONS	/users	http://localhost:5173
20221211	23:48:51	ec99f6b2-35b3-4979-afc3-05ffbd391a7d	GET	/users	http://localhost:5173
20221211	23:49:07	66bb3076-334c-497b-926c-6d89121220e4	OPTIONS	/users	http://localhost:5173
20221211	23:49:07	3eb31647-3a55-4b1a-98c2-5186cd86943d	GET	/users	http://localhost:5173
20221211	23:49:22	6c664ef0-b17a-49de-a115-8b25906550c5	OPTIONS	/users	http://localhost:5173
20221211	23:49:22	9ec6315c-e76f-4863-9f08-a9b132a172aa	GET	/users	http://localhost:5173
20221211	23:49:37	14f33deb-3bf0-4ed3-806b-9f19d38fb11d	OPTIONS	/users	http://localhost:5173
20221211	23:49:37	38a0c5e5-0924-41b6-b6da-f5d2c0c2e696	GET	/users	http://localhost:5173
20221211	23:49:52	18b20a3d-d2d5-402a-94e0-668900ae0db4	OPTIONS	/users	http://localhost:5173
20221211	23:49:52	188ae035-4852-47a9-8dd2-6b108bf1d4df	GET	/users	http://localhost:5173
20221211	23:50:12	052e2067-8f1b-4c6b-9d8c-eccda88a117a	OPTIONS	/users	http://localhost:5173
20221211	23:50:12	2ef8acff-7bc8-4f84-87a4-44bf87f7e9ec	GET	/users	http://localhost:5173
20221211	23:50:27	d8f1eadd-e557-4970-b102-c830d293f957	OPTIONS	/users	http://localhost:5173
20221211	23:50:27	699c7c3e-9ad4-49eb-ab6b-b4f92da248d2	GET	/users	http://localhost:5173
20221211	23:50:42	7e474177-d562-4077-b46e-40c313458134	OPTIONS	/users	http://localhost:5173
20221211	23:50:42	31534b33-e728-4876-a13d-ec8b4a662c19	GET	/users	http://localhost:5173
20221211	23:51:04	95286212-f6bc-4abe-86dd-022e752ac064	OPTIONS	/users	http://localhost:5173
20221211	23:51:04	0475a98b-194a-4fc0-bd2f-9c19e958ebe9	GET	/users	http://localhost:5173
20221211	23:51:19	4c2be6c5-2a59-4e64-b085-ac165b60d941	OPTIONS	/users	http://localhost:5173
20221211	23:51:19	d1073c7a-ab45-4314-8fce-67b3476c09f9	GET	/users	http://localhost:5173
20221211	23:51:30	e0f60167-63d6-40ab-9fe1-20065405af3b	OPTIONS	/users	http://localhost:5173
20221211	23:51:30	f6708fac-d33b-4f9e-8ef5-a45159959b68	GET	/users	http://localhost:5173
20221211	23:51:38	3d30393e-b530-4cc7-9c98-94f16c29fba8	GET	/auth/refresh	http://localhost:5173
20221211	23:51:38	ad04184f-dfec-4cb4-8de7-ebcf785446cc	OPTIONS	/users	http://localhost:5173
20221211	23:51:38	16e31810-7d09-4f55-9a2a-1d61e45d2157	OPTIONS	/users	http://localhost:5173
20221211	23:51:38	23184e9e-4945-42b1-a928-a33745164542	GET	/users	http://localhost:5173
20221211	23:51:38	6fb8235e-b184-4e98-8d3b-2d40686a226f	GET	/users	http://localhost:5173
20221211	23:51:53	188dd4f6-28d6-41e9-b929-c5223fc7810d	OPTIONS	/users	http://localhost:5173
20221211	23:51:53	76a365f8-d381-4703-b7cc-518795f3a6db	GET	/users	http://localhost:5173
20221211	23:52:08	6e4736f8-ad85-493d-823c-d8db8d894372	OPTIONS	/users	http://localhost:5173
20221211	23:52:08	8ae6b4c0-4f80-4abf-864d-e9731c52755b	GET	/users	http://localhost:5173
20221211	23:52:23	f5e250c1-6ad7-4d73-b21f-9ac8fd62d0b6	OPTIONS	/users	http://localhost:5173
20221211	23:52:23	dd603f9e-e9f2-440d-bed5-e18df03a812f	GET	/users	http://localhost:5173
20221211	23:52:32	8c9ec5b1-707e-45ac-90d1-942558c77965	OPTIONS	/users	http://localhost:5173
20221211	23:52:32	6ece7d1b-6977-4eaa-8103-f6c6ecc7cfbd	GET	/users	http://localhost:5173
20221211	23:52:47	dd8c8d39-d7cd-4856-9ae0-59a3ec3c515f	OPTIONS	/users	http://localhost:5173
20221211	23:52:47	1ab59276-35a4-460f-9eee-394b71c7f8bb	GET	/users	http://localhost:5173
20221211	23:53:02	f256affd-8a7a-4ffc-b2e3-89dc798ba033	OPTIONS	/users	http://localhost:5173
20221211	23:53:02	88234daa-c630-48d4-a97e-6b1df419dbcf	GET	/users	http://localhost:5173
20221211	23:53:17	ade7e5c3-b9c0-4a0b-8c9f-a4ad79e0ea87	OPTIONS	/users	http://localhost:5173
20221211	23:53:17	a0b7d41b-0ae6-4cf3-92d1-8c759c96c857	GET	/users	http://localhost:5173
20221211	23:53:32	f6df34ac-50af-40f9-bf68-e8208f906d82	OPTIONS	/users	http://localhost:5173
20221211	23:53:32	33d07a58-7950-405b-87eb-8e9c08982a2a	GET	/users	http://localhost:5173
20221211	23:53:47	00e22966-197d-4e89-acc7-bd02ef132e66	OPTIONS	/users	http://localhost:5173
20221211	23:53:47	11f0c204-56c6-4b08-b294-4691cbd5d0bd	GET	/users	http://localhost:5173
20221211	23:54:02	caf0d23d-6a3a-4ea2-b37a-e49c0e0925f7	OPTIONS	/users	http://localhost:5173
20221211	23:54:02	4b15e7c4-3230-499c-83ce-852954b5206e	GET	/users	http://localhost:5173
20221211	23:54:17	9277cdaa-56b6-4f8b-956c-3480329ece96	OPTIONS	/users	http://localhost:5173
20221211	23:54:17	0d098cd1-c916-4672-9d5f-dedc20e69566	GET	/users	http://localhost:5173
20221211	23:54:32	06e7dc2b-20e5-49df-b837-8aabd9f524bc	OPTIONS	/users	http://localhost:5173
20221211	23:54:32	20a2e594-b62a-48c4-bf2f-cbf26590db78	GET	/users	http://localhost:5173
20221211	23:54:47	b1a6e594-790a-479d-a242-6d25209f46cf	OPTIONS	/users	http://localhost:5173
20221211	23:54:47	4b0e6012-dd78-4f9b-9fe9-c4275dc8414c	GET	/users	http://localhost:5173
20221212	00:05:22	2c94f5ca-573f-4f7a-8bb2-e95305d90d18	OPTIONS	/users	http://localhost:5173
20221212	00:05:22	7a1882b9-acc4-4341-ae89-3ff3bc672d93	GET	/users	http://localhost:5173
20221212	00:05:24	ac523e0d-dfbc-4f8d-bfdd-ebb6f70bd460	GET	/auth/refresh	http://localhost:5173
20221212	00:05:25	d3e579f9-10ec-492b-bd50-ec8d0e4ff688	GET	/users	http://localhost:5173
20221212	00:05:25	7beac89d-fee5-4eb1-b5c5-ff8934211c6f	GET	/users	http://localhost:5173
20221212	00:05:40	a001d6bf-93d6-4333-8b60-d4dbc1bbc46b	OPTIONS	/users	http://localhost:5173
20221212	00:05:40	9c052a6d-5cff-4505-bc07-3e624b437e1d	GET	/users	http://localhost:5173
20221212	00:05:55	45a0b4e2-c9db-4c22-9eda-740fbb378c43	OPTIONS	/users	http://localhost:5173
20221212	00:05:55	5eebea94-f479-41ba-b850-2f2a6cca2fde	GET	/users	http://localhost:5173
20221212	00:05:56	dd7b5f64-7776-4364-b5c6-a481e1b21620	GET	/users	http://localhost:5173
20221212	00:06:11	9a170326-ebda-46bf-9ae5-297c862f6bdc	OPTIONS	/users	http://localhost:5173
20221212	00:06:11	32cf498e-3a31-49c8-8e45-7af0025e3cd9	GET	/users	http://localhost:5173
20221212	00:06:19	e090511d-f893-4c76-9c60-0d0a26db6f48	OPTIONS	/users	http://localhost:5173
20221212	00:06:19	768e5990-a942-47a6-a6c0-935bcecbaa12	GET	/users	http://localhost:5173
20221212	00:06:34	9c4792e3-7e36-4052-98de-da0b5b95fd65	OPTIONS	/users	http://localhost:5173
20221212	00:06:34	13117030-2ab8-47ad-a573-e66c5005b3b3	GET	/users	http://localhost:5173
20221212	00:06:37	00c9fb5e-cbc6-42a0-a7f3-b11fc91ff5d8	GET	/users	http://localhost:5173
20221212	00:06:52	1a823c7a-b1c5-43fc-b19d-1e5d36a2d8f4	OPTIONS	/users	http://localhost:5173
20221212	00:06:52	bf77ecf5-3f20-43f2-b7dd-5e85760ee984	GET	/users	http://localhost:5173
20221212	00:07:07	f00a8994-ea37-4d27-ba04-5d64a6ab58eb	OPTIONS	/users	http://localhost:5173
20221212	00:07:07	8064ffd2-7738-4008-a296-9759999c6424	GET	/users	http://localhost:5173
20221212	00:07:23	969ab19f-c426-47a9-9d4d-466cdfe772f6	OPTIONS	/users	http://localhost:5173
20221212	00:07:23	63e2ed37-b944-4a90-9d34-7f84cee9fc58	GET	/users	http://localhost:5173
20221212	00:07:38	d2e291b7-17d0-4e5c-9345-71aee4850c79	OPTIONS	/users	http://localhost:5173
20221212	00:07:38	308806e5-98f0-482c-a277-58d0f6e10c25	GET	/users	http://localhost:5173
20221212	00:07:53	3a06632e-ad5c-472b-aaab-01a4108f09d2	OPTIONS	/users	http://localhost:5173
20221212	00:07:53	9bed866f-8710-4fba-9109-b07def684d86	GET	/users	http://localhost:5173
20221212	00:08:02	465c3fdb-267d-41a6-806e-39cde3948935	OPTIONS	/users	http://localhost:5173
20221212	00:08:02	3d7e2c50-87b7-4b82-80c5-6fea5c4e5c31	GET	/users	http://localhost:5173
20221212	00:08:17	c19554e1-2459-4529-96ec-5f545886ccd3	OPTIONS	/users	http://localhost:5173
20221212	00:08:17	2ff61e94-55f8-4658-b38f-e1926317fe85	GET	/users	http://localhost:5173
20221212	00:08:22	d196de4e-f40a-44fc-948f-267da7240673	GET	/users	http://localhost:5173
20221212	00:08:24	c4df6ad8-df0c-4461-a6b9-88858f19323d	OPTIONS	/users	http://localhost:5173
20221212	00:08:24	9aff1e47-89d1-445e-ba86-1461f2fe888c	GET	/users	http://localhost:5173
20221212	00:08:39	7272b71a-f297-40b1-bc16-5796c778f81a	OPTIONS	/users	http://localhost:5173
20221212	00:08:39	f2fc0283-445b-4eab-82a5-8b056e8f3864	GET	/users	http://localhost:5173
20221212	00:08:54	ceb472de-8140-4471-b6c1-d55608ccdd72	OPTIONS	/users	http://localhost:5173
20221212	00:08:54	f4ed1cf7-aa9b-4e65-89d1-cb47e5ee0e3a	GET	/users	http://localhost:5173
20221212	00:09:05	661c9a03-adca-4af2-8fcf-3b7124b33113	OPTIONS	/users	http://localhost:5173
20221212	00:09:05	f4c051f6-7f6c-43a4-8f18-2c82761cce0b	GET	/users	http://localhost:5173
20221212	00:09:11	b6d42148-cb86-49f9-ab06-c6c35c47cca4	OPTIONS	/users	http://localhost:5173
20221212	00:09:11	8c219707-2d1a-409e-aa88-8e1ecdb3f11f	GET	/users	http://localhost:5173
20221212	00:11:53	9a1e2fa3-bcf8-47b4-b0b3-2d7f09f7f286	OPTIONS	/users	http://localhost:5173
20221212	00:11:53	c7b7e266-42d2-4923-ac9b-dacddb217029	OPTIONS	/users	http://localhost:5173
20221212	00:11:53	f255a657-ba6f-437d-94df-efd9272f371b	GET	/users	http://localhost:5173
20221212	00:11:53	82e2bcc4-4589-44b0-845d-bb3d094a066c	GET	/users	http://localhost:5173
20221212	00:11:59	bfa4d678-84aa-427a-b6d1-4017227c2cad	OPTIONS	/users	http://localhost:5173
20221212	00:11:59	36b9d9fa-120a-4c1a-858b-aa270bca5407	GET	/users	http://localhost:5173
20221212	00:12:14	cf7fbfb8-e853-4e2e-bfa3-f1e11e195cdd	OPTIONS	/users	http://localhost:5173
20221212	00:12:14	953fcd83-c81b-45e7-85b3-d558328b132a	GET	/users	http://localhost:5173
20221212	00:12:29	99ae3fff-e3af-46df-a1db-1787eed34a07	OPTIONS	/users	http://localhost:5173
20221212	00:12:29	47a5303d-56f7-492c-b370-3463e38e576c	GET	/users	http://localhost:5173
20221212	00:12:44	35354c47-5cd4-46b4-8cfd-c10408497d5c	OPTIONS	/users	http://localhost:5173
20221212	00:12:44	0db6294b-14a1-4409-88b0-b5714fc28632	GET	/users	http://localhost:5173
20221212	00:13:00	51bcc6b7-33df-4df9-b00d-e3ca5c40c33f	OPTIONS	/users	http://localhost:5173
20221212	00:13:00	9f6aed5b-94d1-4951-a6ef-f264c32a2dcc	GET	/users	http://localhost:5173
20221212	00:13:11	ba36acbd-88e5-471f-99fe-89462c3bb98b	OPTIONS	/users	http://localhost:5173
20221212	00:13:11	716fb3a5-b9f3-4303-9472-5e0bc191e2f0	GET	/users	http://localhost:5173
20221212	00:13:26	106eb41c-3d3b-48a0-95c8-e55b9a6df59a	OPTIONS	/users	http://localhost:5173
20221212	00:13:26	345ccb8c-6be6-4a84-b3b3-4ad48500128a	GET	/users	http://localhost:5173
20221212	00:13:41	9552581c-07c7-42de-9626-f34e418aeb5b	OPTIONS	/users	http://localhost:5173
20221212	00:13:41	0c5d1b26-a210-497c-8c2d-be6887dfff62	GET	/users	http://localhost:5173
20221212	00:13:47	bf5626fa-4f29-4138-851f-3f283fd300b2	OPTIONS	/users	http://localhost:5173
20221212	00:13:47	627d508e-8d85-4a58-9e9b-2b52c811a2cf	GET	/users	http://localhost:5173
20221212	00:13:51	794d15b6-0b7b-4e0f-9dd5-c04179f2e651	GET	/users	http://localhost:5173
20221212	00:14:06	da908013-00f2-4237-ae97-3fe5bf76002e	OPTIONS	/users	http://localhost:5173
20221212	00:14:06	d50db759-8d77-450b-bfbb-0ee49aceb425	GET	/users	http://localhost:5173
20221212	00:14:21	e12714ba-78ba-4541-acfe-d74085d00ed2	OPTIONS	/users	http://localhost:5173
20221212	00:14:21	ebb595a3-821e-4d6c-a845-0ecc3692c199	GET	/users	http://localhost:5173
20221212	00:14:29	529399ea-98d6-4c94-94ed-543483107fac	OPTIONS	/users	http://localhost:5173
20221212	00:14:29	eb877e1b-b91e-40ca-ae12-9ffb3ef6f683	GET	/users	http://localhost:5173
20221212	00:14:45	373be202-15a1-4899-968b-7faefb6f5075	OPTIONS	/users	http://localhost:5173
20221212	00:14:45	718ca3c9-8955-4dba-814a-54f4fdb1cd37	GET	/users	http://localhost:5173
20221212	00:15:00	53910dbd-0da9-40ed-b7d6-b16bd63ffb7d	OPTIONS	/users	http://localhost:5173
20221212	00:15:00	f9dfd4ad-ded5-4b50-8e43-97047829dcb3	GET	/users	http://localhost:5173
20221212	00:15:01	228e6ad0-f3f8-41ef-9ab0-093210d5b9d5	GET	/users	http://localhost:5173
20221212	00:15:17	c7134f9e-40ef-4d42-9794-e9add6d10fc6	OPTIONS	/users	http://localhost:5173
20221212	00:15:17	4371b470-0c4f-4a4e-86de-223cafafc78c	GET	/users	http://localhost:5173
20221212	00:16:55	e561d17c-2513-410c-b224-b21fc678524c	GET	/auth/refresh	http://localhost:5173
20221212	00:16:55	68ca3292-4041-4bc2-9f4a-55304eb04f6c	OPTIONS	/users	http://localhost:5173
20221212	00:16:55	fbbb35c0-e28a-4b1b-9397-8e4494cc6c5e	OPTIONS	/users	http://localhost:5173
20221212	00:16:55	41b816fb-cbb6-4fc2-b6ee-b589abb36220	GET	/users	http://localhost:5173
20221212	00:16:55	eec8c219-ba90-4a4b-b23e-fbad791e363e	GET	/users	http://localhost:5173
20221212	00:17:40	d7a694b0-97b8-4275-84b3-742a5d78eae7	OPTIONS	/users	http://localhost:5173
20221212	00:17:40	d0f6e20c-5d9f-4344-b33c-d5acddbb60c5	GET	/users	http://localhost:5173
20221212	00:18:06	19546773-3060-446c-9127-dd715e63d1d8	OPTIONS	/users	http://localhost:5173
20221212	00:18:06	504e992c-af4e-4f4f-bfdb-8dd7061c63de	GET	/users	http://localhost:5173
20221212	00:18:21	cccceeac-50d5-41c0-b07f-d1598de87b0d	OPTIONS	/users	http://localhost:5173
20221212	00:18:21	3e3b2af2-0a86-4d9a-830e-bc6c68e149e3	GET	/users	http://localhost:5173
20221212	00:18:28	bc5bbb5c-dc4b-41fc-803f-a5d68e6a1292	OPTIONS	/users	http://localhost:5173
20221212	00:18:28	7fa0ad69-30a9-4286-9887-71a6ee5fa387	GET	/users	http://localhost:5173
20221212	00:18:37	261a55f7-2306-402e-b875-601a0352b25a	OPTIONS	/users	http://localhost:5173
20221212	00:18:37	cc670811-e9c5-47eb-89f8-7677d798dd1d	GET	/users	http://localhost:5173
20221212	00:18:52	3738ab47-592b-4b83-9e49-9900e4fcf73d	OPTIONS	/users	http://localhost:5173
20221212	00:18:52	52374ea0-9c0a-4d39-96ee-eb568059a7ae	GET	/users	http://localhost:5173
20221212	00:19:05	64e3b023-7b1f-4b41-adcf-839c91bc69b3	GET	/auth/refresh	http://localhost:5173
20221212	00:19:05	beb1d92b-828e-4e41-a96b-5000bd5a4fb8	OPTIONS	/users	http://localhost:5173
20221212	00:19:05	7e38e552-3cd0-4e47-94ca-5321de0d3759	OPTIONS	/users	http://localhost:5173
20221212	00:19:05	b2499792-9c9d-4c51-bfaa-a3843ac6be16	GET	/users	http://localhost:5173
20221212	00:19:06	03590ed0-533d-4369-bc58-615f62c90220	GET	/users	http://localhost:5173
20221212	00:19:24	09766b7b-9281-4ee9-a7d9-be6c260fcb3e	OPTIONS	/users	http://localhost:5173
20221212	00:19:24	4796559a-8bbb-4acf-800b-3593e81ad968	GET	/users	http://localhost:5173
20221212	00:19:39	36de6806-1d40-4599-bec0-2a2fa9d5ad70	OPTIONS	/users	http://localhost:5173
20221212	00:19:39	951bb648-3078-4e5c-bbe9-f21db2d17cd6	GET	/users	http://localhost:5173
20221212	00:19:54	eb494652-c3ed-44a5-8142-c395ee5a023f	OPTIONS	/users	http://localhost:5173
20221212	00:19:55	1cd2a44d-b7b4-4606-b048-fb4971870618	GET	/users	http://localhost:5173
20221212	00:19:55	568a8506-bc5b-47c6-937b-7e3819f6dbc8	GET	/users	http://localhost:5173
20221212	00:20:10	bce867d6-332a-4282-9223-a183f99bc39e	OPTIONS	/users	http://localhost:5173
20221212	00:20:10	25b2ad56-3158-4297-a58f-2133b7fef12e	GET	/users	http://localhost:5173
20221212	00:20:25	1f029138-6f57-4eba-85a3-7bd2b5ed2bbb	OPTIONS	/users	http://localhost:5173
20221212	00:20:25	34c3fac6-1d5f-4c84-91d4-eb0809ccb3fd	GET	/users	http://localhost:5173
20221212	00:20:40	e9713bbe-498a-47f7-b81e-a5816a615e58	OPTIONS	/users	http://localhost:5173
20221212	00:20:40	0759ac35-c647-4ba9-a4a3-9d0f0b1acaf8	GET	/users	http://localhost:5173
20221212	00:20:55	97726c1e-55b4-4555-9740-e4ce531e3d7d	OPTIONS	/users	http://localhost:5173
20221212	00:20:55	8b6dc357-ba62-4ca2-966d-d3f4a4ccb65f	GET	/users	http://localhost:5173
20221212	00:21:10	02014e52-d968-4339-9883-04bbeaf1f914	OPTIONS	/users	http://localhost:5173
20221212	00:21:10	41730cd0-f1e4-4d9c-9e33-6a66bc31bcba	GET	/users	http://localhost:5173
20221212	00:21:25	08f82cf6-6f34-4e3f-acb5-b6cb913d05f5	OPTIONS	/users	http://localhost:5173
20221212	00:21:25	c8834aca-757b-4368-8f63-23c4b4436086	GET	/users	http://localhost:5173
20221212	00:21:40	34bb0633-9519-447a-900a-4ab5787f86fc	OPTIONS	/users	http://localhost:5173
20221212	00:21:40	978d721c-1689-4898-aa5a-b888b394a05e	GET	/users	http://localhost:5173
20221212	00:21:55	29c77d38-f61b-454d-bd76-fd237b61dddd	OPTIONS	/users	http://localhost:5173
20221212	00:21:55	a805c574-8cfb-4ab5-8c87-ddca3ebd3cf1	GET	/users	http://localhost:5173
20221212	00:22:03	74deb8c2-cc94-423b-897b-20ea48eb06c1	OPTIONS	/users	http://localhost:5173
20221212	00:22:03	968350fb-9fe7-4117-b324-5c6c09769242	GET	/users	http://localhost:5173
20221212	00:22:19	a7e0b4a6-261c-48bc-b7a1-9eae9956fa78	OPTIONS	/users	http://localhost:5173
20221212	00:22:19	ddea6c86-417c-464e-8e50-fe7ce65c99c8	GET	/users	http://localhost:5173
20221212	00:22:26	ace9cdd3-d254-4bdf-b436-45df8c93ca4e	OPTIONS	/users	http://localhost:5173
20221212	00:22:26	b93b6c03-2033-4fa2-af40-8ce771517843	GET	/users	http://localhost:5173
20221212	00:22:29	b3d8763e-90eb-4f9b-a1b1-cc52ffa057c7	GET	/auth/refresh	http://localhost:5173
20221212	00:22:30	fc86c810-3756-4d27-8ff8-373f9cbfbd08	GET	/users	http://localhost:5173
20221212	00:22:30	d1543001-92cf-46d1-b789-d3288e8bb2c5	GET	/users	http://localhost:5173
20221212	00:22:45	d496612d-97c5-4b72-bc4e-27b1bd063f31	OPTIONS	/users	http://localhost:5173
20221212	00:22:45	e8e430e8-34bc-40af-9a81-decca51499d4	GET	/users	http://localhost:5173
20221212	00:23:00	917ddd96-c943-4416-b08c-efa2209739b3	OPTIONS	/users	http://localhost:5173
20221212	00:23:00	417daed4-1486-47ad-a763-77c850322ea3	GET	/users	http://localhost:5173
20221212	00:23:04	fd2d34fb-fbd8-407c-8dd0-e68d7beda58c	GET	/users	http://localhost:5173
20221212	00:23:06	c85d5fed-8c5e-400a-9b24-d452bb698279	OPTIONS	/users	http://localhost:5173
20221212	00:23:06	f8270e65-5fef-4a4c-abae-da98306852c7	POST	/users	http://localhost:5173
20221212	00:23:06	1f740eb4-78da-4297-aaf3-f75962a96a4a	GET	/users	http://localhost:5173
20221212	00:23:06	c4e4f1e6-bd13-418b-bb91-a19d3d8f6360	GET	/users	http://localhost:5173
20221212	00:23:21	cfac0883-68ca-4ecd-9dac-fba3230372c1	OPTIONS	/users	http://localhost:5173
20221212	00:23:21	abb65ff9-fe22-4d15-a651-9924c493d01b	GET	/users	http://localhost:5173
20221212	00:23:26	de3e51d8-6fe3-4340-98ac-cbdac0e643fd	GET	/users	http://localhost:5173
20221212	00:23:31	304a70df-1a6a-484f-accb-baf3ac0b4bec	OPTIONS	/users	http://localhost:5173
20221212	00:23:31	010deac6-d5ef-443d-98bf-19bac8407d04	GET	/users	http://localhost:5173
20221212	00:23:31	571c6c90-a4bd-4a10-8eda-a5b0fc1b7ac7	OPTIONS	/users	http://localhost:5173
20221212	00:23:31	7a48c087-03b2-4227-9202-2faf84625048	POST	/users	http://localhost:5173
20221212	00:23:31	8d4378dd-b08f-4cf9-934e-42ef7e32d5e1	GET	/users	http://localhost:5173
20221212	00:23:31	763d241e-fa1e-443c-9eca-7a92f06f0ab5	GET	/users	http://localhost:5173
20221212	00:23:46	7ffe8f57-d04e-453c-9d3e-161d565f6dc3	OPTIONS	/users	http://localhost:5173
20221212	00:23:46	6bd2fdb9-e8bc-4b89-806e-c84cbfb57a78	GET	/users	http://localhost:5173
20221212	00:23:48	c25bae11-d517-482c-b15f-e32a00c92388	GET	/users	http://localhost:5173
20221212	00:23:55	9bc5fb42-05f6-442d-84d6-f4f6126a8451	OPTIONS	/users	http://localhost:5173
20221212	00:23:55	bb440663-dcef-40b5-9bc4-0de16e22b250	POST	/users	http://localhost:5173
20221212	00:23:55	ddf27c57-a35b-40d3-a265-d38c3322429e	GET	/users	http://localhost:5173
20221212	00:23:55	9e870653-b6e8-451b-9452-63bc0923cd49	GET	/users	http://localhost:5173
20221212	00:24:10	1244084b-e097-4458-9736-c6cfa12f5d60	OPTIONS	/users	http://localhost:5173
20221212	00:24:10	8c255811-8e72-499c-b6be-b4589421b742	GET	/users	http://localhost:5173
20221212	00:24:25	94c8f982-8dbe-4337-8fef-42552bd3937c	OPTIONS	/users	http://localhost:5173
20221212	00:24:25	d1bf6d8d-f278-4de8-8f7f-75736826ff62	GET	/users	http://localhost:5173
20221212	00:24:40	22b03ad5-79f3-49ae-8247-c1e655254538	OPTIONS	/users	http://localhost:5173
20221212	00:24:40	be59be17-fe92-4811-8666-6811b1d9fce6	GET	/users	http://localhost:5173
20221212	00:24:49	111a33ef-751e-4f72-95d3-8e76dc8bcb1a	OPTIONS	/users	http://localhost:5173
20221212	00:24:49	c4d5b509-dde6-4467-ad1b-eba11fe36c90	GET	/users	http://localhost:5173
20221212	00:25:05	5375f12f-1140-4a48-abcc-ce194b62012b	OPTIONS	/users	http://localhost:5173
20221212	00:25:05	9983dcf6-8973-4363-b713-d818ba50383f	GET	/users	http://localhost:5173
20221212	00:25:20	420806ca-cc08-4fdb-9376-c26b2aa81471	OPTIONS	/users	http://localhost:5173
20221212	00:25:20	65588ccc-d333-41be-a926-8e7e654b9552	GET	/users	http://localhost:5173
20221212	00:25:35	9f584d70-33d0-4482-ba74-7e5ea236ae4f	OPTIONS	/users	http://localhost:5173
20221212	00:25:35	34fc9bb7-3e57-4ae3-8767-460f4ce3a292	GET	/users	http://localhost:5173
20221212	00:25:50	f44b4ecc-2afc-4763-9d96-09be7ef8d3c1	OPTIONS	/users	http://localhost:5173
20221212	00:25:50	8b01fe4d-850b-4b45-96d2-f0c07400ab75	GET	/users	http://localhost:5173
20221212	00:26:05	8285d4d2-f8ea-401b-8144-9f88bdc51ce0	OPTIONS	/users	http://localhost:5173
20221212	00:26:05	e1079c3a-4389-4664-be4c-9ace374970a7	GET	/users	http://localhost:5173
20221212	00:26:20	7788d97c-8cb3-447d-8c1f-a4271a54359f	OPTIONS	/users	http://localhost:5173
20221212	00:26:20	bb1f67de-5fbf-44ea-9c93-81a04a2dfaca	GET	/users	http://localhost:5173
20221212	00:26:35	af2cb688-18ce-4257-8e23-d30fc7cbc4e1	OPTIONS	/users	http://localhost:5173
20221212	00:26:35	e887b411-a486-4ff3-ac3c-2e9d87925fb8	GET	/users	http://localhost:5173
20221212	00:26:50	6d04e020-c4ea-4bc8-a393-d316b2062847	OPTIONS	/users	http://localhost:5173
20221212	00:26:50	0c2b45d1-793c-404a-bf89-a684cfbaa767	GET	/users	http://localhost:5173
20221212	00:27:05	475c54fa-32e2-4136-b0b3-950a56895fbb	OPTIONS	/users	http://localhost:5173
20221212	00:27:05	6a7242c6-79c3-4e17-9942-9822dc50c562	GET	/users	http://localhost:5173
20221212	00:27:20	375f10fb-43bf-48f1-af7a-ecf41ea110dc	OPTIONS	/users	http://localhost:5173
20221212	00:27:20	cda0c157-498c-4d27-8a30-a95b0b943dc5	GET	/users	http://localhost:5173
20221212	00:27:35	d8ad0a95-5762-445d-befb-d35195b0c4a4	OPTIONS	/users	http://localhost:5173
20221212	00:27:35	b390fb1c-cad0-456c-817a-824792763ced	GET	/users	http://localhost:5173
20221212	00:27:50	78f5abea-817c-4042-8161-17234028ce0b	OPTIONS	/users	http://localhost:5173
20221212	00:27:50	6daf9198-b8ad-43ae-856f-5f74727edf0c	GET	/users	http://localhost:5173
20221212	00:28:01	ecae4a3a-4861-43b7-b4e6-20e63f127f98	OPTIONS	/users	http://localhost:5173
20221212	00:28:01	057df116-25fb-4591-9d2f-7a85aa80c671	GET	/users	http://localhost:5173
20221212	00:28:06	4998a444-86d6-420a-8ffe-255ad5976997	GET	/users	http://localhost:5173
20221212	00:28:18	917000aa-d167-4b9f-94cc-cd60a9eb9602	OPTIONS	/users	http://localhost:5173
20221212	00:28:18	47675d62-2c74-4d92-ae98-530c42e069f2	PATCH	/users	http://localhost:5173
20221212	00:28:18	322301c4-2b90-4081-9947-d38744952743	GET	/users	http://localhost:5173
20221212	00:28:18	8725bb86-46bf-45de-a5c6-8977ec161bda	GET	/users	http://localhost:5173
20221212	00:28:33	5332f98e-f29f-4f3b-a96d-fa07e485bbd5	OPTIONS	/users	http://localhost:5173
20221212	00:28:33	21d1fd95-748c-4d45-b74b-7d69ff18e843	GET	/users	http://localhost:5173
20221212	00:28:47	f42a5222-a5bc-46f1-832a-287d2eb70c2a	OPTIONS	/users	http://localhost:5173
20221212	00:28:47	d7def8b3-b531-42a4-9d8a-8f553f8168e3	GET	/users	http://localhost:5173
20221212	00:29:01	b5048928-fe58-4ecb-a0a6-29d79ee344c0	OPTIONS	/users	http://localhost:5173
20221212	00:29:01	04c42257-985b-4f64-8aea-61fc58f3f22b	PATCH	/users	http://localhost:5173
20221212	00:29:01	a309bc18-84b2-477d-a8a7-3c544d72a22b	GET	/users	http://localhost:5173
20221212	00:29:01	f0761cfb-d1be-4db7-b64f-9f7b704b409c	GET	/users	http://localhost:5173
20221212	00:29:16	e983e2b3-81cd-43ff-bba6-060ab1fa0e79	OPTIONS	/users	http://localhost:5173
20221212	00:29:16	c9c5e936-0213-409d-a886-5e8af4559608	GET	/users	http://localhost:5173
20221212	00:29:31	31d7586c-c4cb-40f6-b26e-eecb53580935	OPTIONS	/users	http://localhost:5173
20221212	00:29:31	26dd12cf-c684-4515-a23c-a1fd0d9d9efd	GET	/users	http://localhost:5173
20221212	00:29:46	39e0be5f-27e3-4637-afa5-4dfe54a76c78	OPTIONS	/users	http://localhost:5173
20221212	00:29:46	ce5fff59-a9be-441c-98df-c29bb8dbcc60	GET	/users	http://localhost:5173
20221212	00:29:52	0015e541-22f5-471d-bba1-8ac382d7da97	OPTIONS	/users	http://localhost:5173
20221212	00:29:52	a0a89509-4076-45e8-8147-240fc27dc90e	GET	/users	http://localhost:5173
20221212	00:30:01	336faf0f-52c7-4b39-84bc-d003bfd7752c	OPTIONS	/users	http://localhost:5173
20221212	00:30:01	62286654-e974-40bc-b4f2-94ecc9ea9779	PATCH	/users	http://localhost:5173
20221212	00:30:01	3edf98e0-b4f0-46c7-ab59-6e9010865e67	GET	/users	http://localhost:5173
20221212	00:30:01	d4c61d3a-56db-4b74-b26a-a2a8817a7128	GET	/users	http://localhost:5173
20221212	00:30:16	22120cd4-b166-4e15-98aa-6c4fc1015eed	OPTIONS	/users	http://localhost:5173
20221212	00:30:16	1cb7bdf3-1515-422e-8d5f-084c08d92788	GET	/users	http://localhost:5173
20221212	00:30:23	38b99a10-f84a-45bb-bb25-d334308096e0	OPTIONS	/users	http://localhost:5173
20221212	00:30:23	b849e050-7b57-4980-82dd-86c1603d3a28	GET	/users	http://localhost:5173
20221212	00:30:38	32486dcb-7529-46b9-b0b9-ca452cda2734	OPTIONS	/users	http://localhost:5173
20221212	00:30:38	2528962a-9418-48b6-84d5-6b4438c82917	GET	/users	http://localhost:5173
20221212	00:30:47	fa195a80-63f6-451f-b82f-ac3dd63674e1	OPTIONS	/users	http://localhost:5173
20221212	00:30:47	fdcd0779-aaaf-4cbc-b7ec-06e0020301d1	GET	/users	http://localhost:5173
20221212	00:30:48	140e264f-38d3-42b5-81f5-31482a6d4cc8	OPTIONS	/users	http://localhost:5173
20221212	00:30:48	d80704c2-923e-4bd0-8077-937da028544d	PATCH	/users	http://localhost:5173
20221212	00:30:48	189dd208-5b60-4c48-89d7-146fb66e5c18	GET	/users	http://localhost:5173
20221212	00:30:48	753bf9a0-a73b-4edd-93d6-d1e3637f8a5d	GET	/users	http://localhost:5173
20221212	00:31:03	8b15bee6-213f-4284-aae4-9c6af6f44582	OPTIONS	/users	http://localhost:5173
20221212	00:31:03	46708ec4-c882-4013-a019-8fc84a9f53f8	GET	/users	http://localhost:5173
20221212	00:31:18	7403eefb-2aeb-49fe-9ac8-8ab759828008	OPTIONS	/users	http://localhost:5173
20221212	00:31:18	218d2357-612f-4ff8-a031-b7d884700a7f	GET	/users	http://localhost:5173
20221212	00:31:19	c49393ce-c608-413e-97b3-b34dab4525d6	GET	/users	http://localhost:5173
20221212	00:31:22	8166c3cc-2bc5-45b4-b49d-325301f5f4a4	GET	/auth/refresh	http://localhost:5173
20221212	00:31:22	12b3f25a-52c3-43fc-9704-dadb34fc4ced	GET	/users	http://localhost:5173
20221212	00:31:22	4ee7812a-1820-4f3f-916f-240a7447a664	GET	/users	http://localhost:5173
20221212	00:31:34	473adebb-00ba-4a38-a692-33be5c5dc624	OPTIONS	/users	http://localhost:5173
20221212	00:31:34	70c50aed-bb2f-4127-b177-7e622d844a78	GET	/users	http://localhost:5173
20221212	00:31:38	f8194b65-4356-402f-96bb-dfe68fe65947	OPTIONS	/users	http://localhost:5173
20221212	00:31:38	adf57d6c-d34c-4903-bca8-9318545bcf55	PATCH	/users	http://localhost:5173
20221212	00:31:38	28035f3d-0dab-45de-a303-21f1c25ef4a8	GET	/users	http://localhost:5173
20221212	00:31:38	23f1d836-0f92-4681-9bd6-f48f8b605304	GET	/users	http://localhost:5173
20221212	00:31:41	b5fe00e7-e31e-4740-90ed-0a7ca33ad318	PATCH	/users	http://localhost:5173
20221212	00:31:42	f79bf292-2296-4825-b576-3638a8c5c39f	GET	/users	http://localhost:5173
20221212	00:31:42	d168dc01-9b37-4190-81e0-2d2bc4e4edab	GET	/users	http://localhost:5173
20221212	00:31:57	bc5ae1d9-dcf0-49a7-8587-a855dcd2b802	OPTIONS	/users	http://localhost:5173
20221212	00:31:57	af452f0d-34c4-48a9-b6da-08fb1695d19f	GET	/users	http://localhost:5173
20221212	00:32:12	3065644d-7b9a-4fa0-817d-63031bdfa43f	OPTIONS	/users	http://localhost:5173
20221212	00:32:12	feb59be3-f1f2-487a-9e4e-31b8b9fcb1cb	GET	/users	http://localhost:5173
20221212	00:32:27	06c3c930-9870-477a-9b2c-72b247a4b162	OPTIONS	/users	http://localhost:5173
20221212	00:32:27	fa1af333-5b39-49d0-b02a-26b15fc089e3	GET	/users	http://localhost:5173
20221212	00:32:36	74630f16-bd8f-4eff-8f5a-bbefec44290c	OPTIONS	/users	http://localhost:5173
20221212	00:32:36	78c48b81-310b-47e1-9312-b00765bec8f3	GET	/users	http://localhost:5173
20221212	00:32:43	bfb481ac-7fa1-40ed-87bd-9c761b400f84	GET	/auth/refresh	http://localhost:5173
20221212	00:32:43	ee695f2f-e082-4487-a12a-102b66912d38	OPTIONS	/users	http://localhost:5173
20221212	00:32:43	8213a4bb-c546-4ebc-8c3e-eeb739b5ecd0	OPTIONS	/users	http://localhost:5173
20221212	00:32:43	57880271-b43f-4efb-932b-3367af6116e1	GET	/users	http://localhost:5173
20221212	00:32:43	1d5e5db8-72ad-4b13-b78a-f71542d8bf20	GET	/users	http://localhost:5173
20221212	00:32:53	e92c1c1c-93bc-4810-80d8-b93d32ce1ea3	OPTIONS	/users	http://localhost:5173
20221212	00:32:53	b08aea18-a773-4221-8bea-e2505b5b4ca5	PATCH	/users	http://localhost:5173
20221212	00:32:54	5f5fc122-4b09-456c-a10e-9a89e84ccd07	GET	/users	http://localhost:5173
20221212	00:32:54	fc521d44-9ca3-4d62-bbbb-d1bc89c0be54	GET	/users	http://localhost:5173
20221212	00:33:09	9627bdfa-19a4-496e-81a8-d130266ae364	OPTIONS	/users	http://localhost:5173
20221212	00:33:09	2befb7eb-9f68-4074-93ce-6b4503e88ea4	GET	/users	http://localhost:5173
20221212	00:33:24	2c72a2b5-ce09-4aef-926d-7473095dd1f8	OPTIONS	/users	http://localhost:5173
20221212	00:33:24	9bc52667-9ae0-4f4f-9427-62802ecce3da	GET	/users	http://localhost:5173
20221212	00:33:39	4edf148b-0650-4889-b41a-1117e6460068	OPTIONS	/users	http://localhost:5173
20221212	00:33:39	5bd1cf36-c926-4d99-b43a-d1ecc9b2409f	GET	/users	http://localhost:5173
20221212	00:33:53	473d99c6-235b-468c-b5c8-bdd97bf45f0c	OPTIONS	/users	http://localhost:5173
20221212	00:33:53	b32c2ed1-d82c-4701-9d4b-91772b94249f	GET	/users	http://localhost:5173
20221212	00:33:56	3f11253d-d5ce-461c-88f9-7130f20457a6	OPTIONS	/users	http://localhost:5173
20221212	00:33:56	3fa9f997-9d8e-4360-a0af-f77fbe37e7fd	PATCH	/users	http://localhost:5173
20221212	00:33:57	07765749-6194-4369-a821-35a53012739f	GET	/users	http://localhost:5173
20221212	00:33:57	e474d3b0-3f86-4384-9290-58df0dd2bfaf	GET	/users	http://localhost:5173
20221212	00:34:12	d1d4bfb5-b545-43d2-b4c5-1483ac108078	OPTIONS	/users	http://localhost:5173
20221212	00:34:12	a74cc43b-0ca2-4728-b0ef-55781d33729e	GET	/users	http://localhost:5173
20221212	00:34:27	061fc0cf-6d20-4060-95c4-e64acdb92336	OPTIONS	/users	http://localhost:5173
20221212	00:34:27	ad5509cc-13f1-489a-9694-c1b62bed5b7c	GET	/users	http://localhost:5173
20221212	00:34:42	2361d0fc-c542-4783-b8e8-fb0a1488c43b	OPTIONS	/users	http://localhost:5173
20221212	00:34:42	dc251ff1-047b-46e3-8b37-1033b699d57b	GET	/users	http://localhost:5173
20221212	00:34:46	57d67f17-c4e5-4bae-88f0-53dc6c2712b7	GET	/users	http://localhost:5173
20221212	00:35:01	e4b3dfdd-792a-470b-b263-0540a672cfc1	OPTIONS	/users	http://localhost:5173
20221212	00:35:01	9af5da0d-dbeb-426e-b3df-1f0d9df71887	GET	/users	http://localhost:5173
20221212	00:35:16	b3596dcf-d37a-474e-a773-b6d956d3cab0	OPTIONS	/users	http://localhost:5173
20221212	00:35:16	2f2dd8b7-3f04-46a9-a0ac-f2febc225e1f	GET	/users	http://localhost:5173
20221212	00:35:31	ca856527-508c-4bf2-9976-bc545e521dd7	OPTIONS	/users	http://localhost:5173
20221212	00:35:31	f8fd1fff-3257-4495-8c56-fee5f3be99df	GET	/users	http://localhost:5173
20221212	00:35:46	08020852-374a-4255-8998-96dfb6d6e5c6	OPTIONS	/users	http://localhost:5173
20221212	00:35:46	ada76625-825a-421a-9391-4458d22453eb	GET	/users	http://localhost:5173
20221212	00:36:01	7272f3e3-921c-4f53-ab0e-9dd9b9464324	OPTIONS	/users	http://localhost:5173
20221212	00:36:01	67d8e112-afef-488d-a9c0-7ac572eeb724	GET	/users	http://localhost:5173
20221212	00:36:16	c1ff9ec9-8efd-4d62-9c9b-2b8198c5e7ec	OPTIONS	/users	http://localhost:5173
20221212	00:36:16	471d6723-82c8-430c-9109-d4dde2e46d75	GET	/users	http://localhost:5173
20221212	00:36:32	a583492e-f2c6-4646-8216-cce0f934b739	OPTIONS	/users	http://localhost:5173
20221212	00:36:32	ecefd375-9aa6-48c4-8972-ce4d440669d6	GET	/users	http://localhost:5173
20221212	00:36:47	9bd26444-66fe-432b-912f-8c3232a66aed	OPTIONS	/users	http://localhost:5173
20221212	00:36:47	e09e6592-87ee-4449-a85e-6dfdd41f300c	GET	/users	http://localhost:5173
20221212	00:36:48	fb34af3f-fe47-4017-aa96-efe9fe5ff14f	GET	/users	http://localhost:5173
20221212	00:37:03	d04559d3-eac5-4a70-a395-f0744ac5e2c7	OPTIONS	/users	http://localhost:5173
20221212	00:37:03	ad66475b-594d-4d55-b95d-40aa86650b92	GET	/users	http://localhost:5173
20221212	00:37:18	665edb1a-e2fa-4c5c-8c76-7f0bff1558b3	OPTIONS	/users	http://localhost:5173
20221212	00:37:18	55a12be8-0cc6-46af-99f0-17fdd7572550	GET	/users	http://localhost:5173
20221212	00:37:33	0f1dcd01-732b-43c8-81d7-6c224aba50c8	OPTIONS	/users	http://localhost:5173
20221212	00:37:33	c433ea35-b49b-4774-85d2-911616d3b0c4	GET	/users	http://localhost:5173
20221212	00:37:43	ec2bab19-e9a5-4714-9f0b-456067353377	OPTIONS	/users	http://localhost:5173
20221212	00:37:43	fcc25a88-47fe-4bc1-90c0-d39e9cc51af5	GET	/users	http://localhost:5173
20221212	00:37:44	f4c043b5-be96-49f4-aa7d-c3afbda7b679	OPTIONS	/users	http://localhost:5173
20221212	00:37:44	d786eb9a-2b8b-49be-9a81-0bf016dcbe47	DELETE	/users	http://localhost:5173
20221212	00:37:44	9e3eef06-5404-46bd-8634-afbfd1b9a2c6	GET	/users	http://localhost:5173
20221212	00:37:45	40c1ce73-cfab-4338-9a18-2dad337f5834	GET	/users	http://localhost:5173
20221212	00:37:47	01d16386-bab8-41f5-9040-02a94f370bee	GET	/auth/refresh	http://localhost:5173
20221212	00:37:47	3e743695-4e42-424e-b8fa-bc4544f5add1	GET	/users	http://localhost:5173
20221212	00:37:47	635d1149-962f-4977-90fb-8a6d48a6ee31	GET	/users	http://localhost:5173
20221212	00:38:02	cc3d9c3b-9b4e-4eef-af5f-0cf52d990423	OPTIONS	/users	http://localhost:5173
20221212	00:38:02	15a7b758-dd67-4647-8b65-b8ed0754d491	GET	/users	http://localhost:5173
20221212	00:38:17	638a688c-5433-48ca-80b6-99e2c8855af4	OPTIONS	/users	http://localhost:5173
20221212	00:38:17	5ed443e3-bde8-4963-91f7-be530fe1fbc0	GET	/users	http://localhost:5173
20221212	00:38:32	7201457f-a2d1-4d2b-8ea2-df5a6259a8c8	OPTIONS	/users	http://localhost:5173
20221212	00:38:32	271fc301-9396-4469-b500-371c4ddd2dd3	GET	/users	http://localhost:5173
